#
# There is insufficient memory for the Java Runtime Environment to continue.
# Native memory allocation (malloc) failed to allocate 344 bytes for AllocateHeap
# Possible reasons:
#   The system is out of physical RAM or swap space
#   The process is running with CompressedOops enabled, and the Java Heap may be blocking the growth of the native heap
# Possible solutions:
#   Reduce memory load on the system
#   Increase physical memory or swap space
#   Check if swap backing store is full
#   Decrease Java heap size (-Xmx/-Xms)
#   Decrease number of Java threads
#   Decrease Java thread stack sizes (-Xss)
#   Set larger code cache with -XX:ReservedCodeCacheSize=
#   JVM is running with Unscaled Compressed Oops mode in which the Java heap is
#     placed in the first 4GB address space. The Java Heap base address is the
#     maximum limit for the native heap growth. Please use -XX:HeapBaseMinAddress
#     to set the Java Heap base and to place the Java Heap above 4GB virtual address.
# This output file may be truncated or incomplete.
#
#  Out of Memory Error (allocation.cpp:44), pid=4896, tid=17876
#
# JRE version: Java(TM) SE Runtime Environment (21.0.2+13) (build 21.0.2+13-LTS-58)
# Java VM: Java HotSpot(TM) 64-Bit Server VM (21.0.2+13-LTS-58, mixed mode, tiered, compressed oops, compressed class ptrs, g1 gc, windows-amd64)
# No core dump will be written. Minidumps are not enabled by default on client versions of Windows
#

---------------  S U M M A R Y ------------

Command Line: -Dclassworlds.conf=C:\Program Files\NetBeans-21\netbeans\java\maven\bin\m2.conf -Dmaven.home=C:\Program Files\NetBeans-21\netbeans\java\maven -Dlibrary.jansi.path=C:\Program Files\NetBeans-21\netbeans\java\maven\lib\jansi-native -Dmaven.multiModuleProjectDirectory=C:\Users\10124\OneDrive\Documents\GitHub\project-2-mhpl org.codehaus.plexus.classworlds.launcher.Launcher -Dexec.vmArgs= -Dexec.args=${exec.vmArgs} -classpath %classpath ${exec.mainClass} ${exec.appArgs} -Dexec.executable=C:\Users\10124\Downloads\jdk-21.0.2\bin\java.exe -Dexec.mainClass=Main -Dexec.classpathScope=runtime -Dexec.appArgs= -Dmaven.ext.class.path=C:\Program Files\NetBeans-21\netbeans\java\maven-nblib\netbeans-eventspy.jar --no-transfer-progress process-classes org.codehaus.mojo:exec-maven-plugin:3.1.0:exec

Host: AMD Ryzen 5 4600H with Radeon Graphics         , 12 cores, 7G,  Windows 11 , 64 bit Build 22621 (10.0.22621.3235)
Time: Mon Apr  1 22:49:10 2024 SE Asia Standard Time elapsed time: 0.113759 seconds (0d 0h 0m 0s)

---------------  T H R E A D  ---------------

Current thread (0x00000298cd5c3150):  JavaThread "main"             [_thread_in_vm, id=17876, stack(0x000000cfb7300000,0x000000cfb7400000) (1024K)]

Stack: [0x000000cfb7300000,0x000000cfb7400000]
Native frames: (J=compiled Java code, j=interpreted, Vv=VM code, C=native code)
V  [jvm.dll+0x6cade9]
V  [jvm.dll+0x8569c1]
V  [jvm.dll+0x858d2e]
V  [jvm.dll+0x859413]
V  [jvm.dll+0x280e56]
V  [jvm.dll+0xbeb17]
V  [jvm.dll+0x6d46b1]
V  [jvm.dll+0x68fd2c]
V  [jvm.dll+0x47200f]
C  0x00000298de9ecdab

The last pc belongs to native method entry point (kind = native) (printed below).
Java frames: (J=compiled Java code, j=interpreted, Vv=VM code)
j  java.lang.Module.addExports0(Ljava/lang/Module;Ljava/lang/String;Ljava/lang/Module;)V+0 java.base@21.0.2
j  java.lang.Module.initExports(Ljava/lang/Module;Ljava/util/Map;)V+122 java.base@21.0.2
j  java.lang.Module.defineModules(Ljava/lang/module/Configuration;Ljava/util/function/Function;Ljava/lang/ModuleLayer;)Ljava/util/Map;+621 java.base@21.0.2
j  java.lang.ModuleLayer.<init>(Ljava/lang/module/Configuration;Ljava/util/List;Ljava/util/function/Function;)V+34 java.base@21.0.2
j  java.lang.ModuleLayer.defineModules(Ljava/lang/module/Configuration;Ljava/util/List;Ljava/util/function/Function;)Ljava/lang/ModuleLayer$Controller;+36 java.base@21.0.2
j  java.lang.ModuleLayer.defineModules(Ljava/lang/module/Configuration;Ljava/util/function/Function;)Ljava/lang/ModuleLayer;+6 java.base@21.0.2
j  jdk.internal.module.ModuleBootstrap.boot2()Ljava/lang/ModuleLayer;+1207 java.base@21.0.2
j  jdk.internal.module.ModuleBootstrap.boot()Ljava/lang/ModuleLayer;+64 java.base@21.0.2
j  java.lang.System.initPhase2(ZZ)I+0 java.base@21.0.2
v  ~StubRoutines::call_stub 0x00000298de9e100d
native method entry point (kind = native)  [0x00000298de9ec980, 0x00000298de9ed4a8]  2856 bytes
[MachCode]
  0x00000298de9ec980: 488b 4b08 | 0fb7 492e | 584c 8d74 | ccf8 6800 | 0000 0068 | 0000 0000 | 5055 488b | ec41 5568 
  0x00000298de9ec9a0: 0000 0000 | 4c8b 6b08 | 4d8d 6d38 | 5348 8b53 | 0848 8b52 | 0848 8b52 | 1848 8b52 | 7048 8b12 
  0x00000298de9ec9c0: 5248 8b53 | 1048 85d2 | 0f84 0700 | 0000 4881 | c208 0100 | 0052 488b | 5308 488b | 5208 488b 
  0x00000298de9ec9e0: 5210 5249 | 8bc6 482b | c548 c1e8 | 0350 6800 | 0000 0068 | 0000 0000 | 4889 2424 | 41c6 8779 
  0x00000298de9eca00: 0400 0001 | 488b 4310 | 4885 c074 | 208b 88cc | 0000 0083 | c102 8988 | cc00 0000 | 2388 e000 
  0x00000298de9eca20: 0000 0f84 | cb09 0000 | e9cf 0000 | 0048 8b43 | 1848 85c0 | 0f85 b000 | 0000 e805 | 0000 00e9 
  0x00000298de9eca40: 9900 0000 | 488b d348 | 8d44 2408 | 4c89 6dc0 | 498b cfc5 | f877 4989 | afa8 0300 | 0049 8987 
  0x00000298de9eca60: 9803 0000 | 4883 ec20 | 40f6 c40f | 0f84 1900 | 0000 4883 | ec08 48b8 | 5044 0cfb | f87f 0000 
  0x00000298de9eca80: ffd0 4883 | c408 e90c | 0000 0048 | b850 440c | fbf8 7f00 | 00ff d048 | 83c4 2049 | c787 9803 
  0x00000298de9ecaa0: 0000 0000 | 0000 49c7 | 87a8 0300 | 0000 0000 | 0049 c787 | a003 0000 | 0000 0000 | c5f8 7749 
  0x00000298de9ecac0: 837f 0800 | 0f84 0500 | 0000 e931 | 44ff ff4c | 8b6d c04c | 8b75 c84e | 8d74 f500 | c348 8b43 
  0x00000298de9ecae0: 1848 85c0 | 0f84 1200 | 0000 8b48 | 0883 c102 | 8948 0823 | 481c 0f84 | f708 0000 | 493b a7e8 
  0x00000298de9ecb00: 0400 000f | 8748 0000 | 0089 8424 | 00f0 ffff | 8984 2400 | e0ff ff89 | 8424 00d0 | ffff 8984 
  0x00000298de9ecb20: 2400 c0ff | ff89 8424 | 00b0 ffff | 8984 2400 | a0ff ff89 | 8424 0090 | ffff 8984 | 2400 80ff 
  0x00000298de9ecb40: ff49 3ba7 | e004 0000 | 7607 4989 | a7e8 0400 | 0041 c687 | 7904 0000 | 0049 baf9 | 4591 fbf8 
  0x00000298de9ecb60: 7f00 0041 | 803a 000f | 843e 0000 | 0048 8b55 | e849 8bcf | 4883 ec20 | 40f6 c40f | 0f84 1900 
  0x00000298de9ecb80: 0000 4883 | ec08 48b8 | 4009 42fb | f87f 0000 | ffd0 4883 | c408 e90c | 0000 0048 | b840 0942 
  0x00000298de9ecba0: fbf8 7f00 | 00ff d048 | 83c4 2048 | 8b5d e84c | 8b5b 0845 | 0fb7 5b2e | 41c1 e303 | 492b e348 
  0x00000298de9ecbc0: 83ec 2048 | 83e4 f04c | 8b5b 604d | 85db 0f85 | ab00 0000 | e805 0000 | 00e9 9900 | 0000 488b 
  0x00000298de9ecbe0: d348 8d44 | 2408 4c89 | 6dc0 498b | cfc5 f877 | 4989 afa8 | 0300 0049 | 8987 9803 | 0000 4883 
  0x00000298de9ecc00: ec20 40f6 | c40f 0f84 | 1900 0000 | 4883 ec08 | 48b8 106b | 0cfb f87f | 0000 ffd0 | 4883 c408 
  0x00000298de9ecc20: e90c 0000 | 0048 b810 | 6b0c fbf8 | 7f00 00ff | d048 83c4 | 2049 c787 | 9803 0000 | 0000 0000 
  0x00000298de9ecc40: 49c7 87a8 | 0300 0000 | 0000 0049 | c787 a003 | 0000 0000 | 0000 c5f8 | 7749 837f | 0800 0f84 
  0x00000298de9ecc60: 0500 0000 | e997 42ff | ff4c 8b6d | c04c 8b75 | c84e 8d74 | f500 c348 | 8b5d e84c | 8b5b 6041 
  0x00000298de9ecc80: ffd3 488b | 5de8 4889 | 4518 448b | 5b28 41f6 | c308 0f84 | 1b00 0000 | 4c8b 5b08 | 4d8b 5b08 
  0x00000298de9ecca0: 4d8b 5b18 | 4d8b 5b70 | 4d8b 1b4c | 895d 1048 | 8d55 1048 | 8b43 5849 | ba80 5e42 | fbf8 7f00 
  0x00000298de9eccc0: 0049 3bc2 | 0f85 ab00 | 0000 e805 | 0000 00e9 | 9900 0000 | 488b d348 | 8d44 2408 | 4c89 6dc0 
  0x00000298de9ecce0: 498b cfc5 | f877 4989 | afa8 0300 | 0049 8987 | 9803 0000 | 4883 ec20 | 40f6 c40f | 0f84 1900 
  0x00000298de9ecd00: 0000 4883 | ec08 48b8 | 106b 0cfb | f87f 0000 | ffd0 4883 | c408 e90c | 0000 0048 | b810 6b0c 
  0x00000298de9ecd20: fbf8 7f00 | 00ff d048 | 83c4 2049 | c787 9803 | 0000 0000 | 0000 49c7 | 87a8 0300 | 0000 0000 
  0x00000298de9ecd40: 0049 c787 | a003 0000 | 0000 0000 | c5f8 7749 | 837f 0800 | 0f84 0500 | 0000 e9a1 | 41ff ff4c 
  0x00000298de9ecd60: 8b6d c04c | 8b75 c84e | 8d74 f500 | c348 8b5d | e848 8b43 | 5849 8d8f | b803 0000 | c5f8 7749 
  0x00000298de9ecd80: 89af a803 | 0000 49ba | 7ccd 9ede | 9802 0000 | 4d89 97a0 | 0300 0049 | 89a7 9803 | 0000 41c7 
  0x00000298de9ecda0: 874c 0400 | 0004 0000 | 00ff d0c5 | f877 4883 | ec10 c5fb | 1104 2448 | 83ec 1048 | 8904 2448 
  0x00000298de9ecdc0: c744 2408 | 0000 0000 | 41c7 874c | 0400 0005 | 0000 00f0 | 8344 24c0 | 0049 3baf | 5004 0000 
  0x00000298de9ecde0: 0f87 0e00 | 0000 4183 | bf48 0400 | 0000 0f84 | 2000 0000 | 498b cf4c | 8be4 4883 | ec20 4883 
  0x00000298de9ece00: e4f0 48b8 | d0c3 0dfb | f87f 0000 | ffd0 498b | e44d 33e4 | 41c7 874c | 0400 0008 | 0000 0049 
  0x00000298de9ece20: c787 9803 | 0000 0000 | 0000 49c7 | 87a8 0300 | 0000 0000 | 0049 c787 | a003 0000 | 0000 0000 
  0x00000298de9ece40: c5f8 774d | 8b9f 2804 | 0000 41c7 | 8300 0100 | 0000 0000 | 0049 bb5a | a39e de98 | 0200 004c 
  0x00000298de9ece60: 3b5d 180f | 8524 0200 | 0048 8b04 | 2448 83c4 | 1048 85c0 | 0f84 fe01 | 0000 a803 | 0f85 0800 
  0x00000298de9ece80: 0000 488b | 00e9 ee01 | 0000 a801 | 0f85 0900 | 0000 488b | 40fe e9dd | 0100 0048 | 8b40 ff41 
  0x00000298de9ecea0: 807f 4000 | 0f84 ce01 | 0000 4883 | f800 0f84 | c401 0000 | 4d8b 5f28 | 4983 fb00 | 0f84 1400 
  0x00000298de9ecec0: 0000 4983 | eb08 4d89 | 5f28 4d03 | 5f38 4989 | 03e9 a201 | 0000 4881 | ecd0 0000 | 0048 8904 
  0x00000298de9ecee0: 2448 894c | 2408 4889 | 5424 1048 | 8974 2418 | 4889 7c24 | 204c 8944 | 2428 4c89 | 4c24 304c 
  0x00000298de9ecf00: 8954 2438 | 4c89 5c24 | 40c5 fb11 | 4424 50c5 | fb11 4c24 | 58c5 fb11 | 5424 60c5 | fb11 5c24 
  0x00000298de9ecf20: 68c5 fb11 | 6424 70c5 | fb11 6c24 | 78c5 fb11 | b424 8000 | 0000 c5fb | 11bc 2488 | 0000 00c5 
  0x00000298de9ecf40: 7b11 8424 | 9000 0000 | c57b 118c | 2498 0000 | 00c5 7b11 | 9424 a000 | 0000 c57b | 119c 24a8 
  0x00000298de9ecf60: 0000 00c5 | 7b11 a424 | b000 0000 | c57b 11ac | 24b8 0000 | 00c5 7b11 | b424 c000 | 0000 c57b 
  0x00000298de9ecf80: 11bc 24c8 | 0000 0049 | 8bd7 488b | c848 83ec | 2040 f6c4 | 0f0f 8419 | 0000 0048 | 83ec 0848 
  0x00000298de9ecfa0: b890 2601 | fbf8 7f00 | 00ff d048 | 83c4 08e9 | 0c00 0000 | 48b8 9026 | 01fb f87f | 0000 ffd0 
  0x00000298de9ecfc0: 4883 c420 | c57b 10bc | 24c8 0000 | 00c5 7b10 | b424 c000 | 0000 c57b | 10ac 24b8 | 0000 00c5 
  0x00000298de9ecfe0: 7b10 a424 | b000 0000 | c57b 109c | 24a8 0000 | 00c5 7b10 | 9424 a000 | 0000 c57b | 108c 2498 
  0x00000298de9ed000: 0000 00c5 | 7b10 8424 | 9000 0000 | c5fb 10bc | 2488 0000 | 00c5 fb10 | b424 8000 | 0000 c5fb 
  0x00000298de9ed020: 106c 2478 | c5fb 1064 | 2470 c5fb | 105c 2468 | c5fb 1054 | 2460 c5fb | 104c 2458 | c5fb 1044 
  0x00000298de9ed040: 2450 4c8b | 5c24 404c | 8b54 2438 | 4c8b 4c24 | 304c 8b44 | 2428 488b | 7c24 2048 | 8b74 2418 
  0x00000298de9ed060: 488b 5424 | 1048 8b4c | 2408 488b | 0424 4881 | c4d0 0000 | 00c5 f877 | 4889 4510 | 4883 ec10 
  0x00000298de9ed080: 4889 0424 | 48c7 4424 | 0800 0000 | 0041 83bf | c804 0000 | 020f 85bf | 0000 0048 | 81ec 8000 
  0x00000298de9ed0a0: 0000 4889 | 4424 7848 | 894c 2470 | 4889 5424 | 6848 895c | 2460 4889 | 6c24 5048 | 8974 2448 
  0x00000298de9ed0c0: 4889 7c24 | 404c 8944 | 2438 4c89 | 4c24 304c | 8954 2428 | 4c89 5c24 | 204c 8964 | 2418 4c89 
  0x00000298de9ed0e0: 6c24 104c | 8974 2408 | 4c89 3c24 | 4c8b e448 | 83ec 2048 | 83e4 f048 | b870 4142 | fbf8 7f00 
  0x00000298de9ed100: 00ff d049 | 8be4 4c8b | 3c24 4c8b | 7424 084c | 8b6c 2410 | 4c8b 6424 | 184c 8b5c | 2420 4c8b 
  0x00000298de9ed120: 5424 284c | 8b4c 2430 | 4c8b 4424 | 3848 8b7c | 2440 488b | 7424 4848 | 8b6c 2450 | 488b 5c24 
  0x00000298de9ed140: 6048 8b54 | 2468 488b | 4c24 7048 | 8b44 2478 | 4881 c480 | 0000 004d | 33e4 488b | 5de8 4c8b 
  0x00000298de9ed160: 6b08 4d8d | 6d38 4983 | 7f08 000f | 84bb 0000 | 00e8 0500 | 0000 e996 | 0000 0048 | 8d44 2408 
  0x00000298de9ed180: 4c89 6dc0 | 498b cfc5 | f877 4989 | afa8 0300 | 0049 8987 | 9803 0000 | 4883 ec20 | 40f6 c40f 
  0x00000298de9ed1a0: 0f84 1900 | 0000 4883 | ec08 48b8 | a088 0cfb | f87f 0000 | ffd0 4883 | c408 e90c | 0000 0048 
  0x00000298de9ed1c0: b8a0 880c | fbf8 7f00 | 00ff d048 | 83c4 2049 | c787 9803 | 0000 0000 | 0000 49c7 | 87a8 0300 
  0x00000298de9ed1e0: 0000 0000 | 0049 c787 | a003 0000 | 0000 0000 | c5f8 7749 | 837f 0800 | 0f84 0500 | 0000 e9fd 
  0x00000298de9ed200: 3cff ff4c | 8b6d c04c | 8b75 c84e | 8d74 f500 | c348 b900 | 4869 fbf8 | 7f00 0048 | 83e4 f048 
  0x00000298de9ed220: b840 2431 | fbf8 7f00 | 00ff d0f4 | 448b 5b28 | 41f6 c320 | 0f84 4401 | 0000 488d | 55a8 4c8b 
  0x00000298de9ed240: 5a08 4d85 | db0f 85bb | 0000 00e8 | 0500 0000 | e996 0000 | 0048 8d44 | 2408 4c89 | 6dc0 498b 
  0x00000298de9ed260: cfc5 f877 | 4989 afa8 | 0300 0049 | 8987 9803 | 0000 4883 | ec20 40f6 | c40f 0f84 | 1900 0000 
  0x00000298de9ed280: 4883 ec08 | 48b8 d087 | 0cfb f87f | 0000 ffd0 | 4883 c408 | e90c 0000 | 0048 b8d0 | 870c fbf8 
  0x00000298de9ed2a0: 7f00 00ff | d048 83c4 | 2049 c787 | 9803 0000 | 0000 0000 | 49c7 87a8 | 0300 0000 | 0000 0049 
  0x00000298de9ed2c0: c787 a003 | 0000 0000 | 0000 c5f8 | 7749 837f | 0800 0f84 | 0500 0000 | e923 3cff | ff4c 8b6d 
  0x00000298de9ed2e0: c04c 8b75 | c84e 8d74 | f500 c348 | b900 4869 | fbf8 7f00 | 0048 83e4 | f048 b840 | 2431 fbf8 
  0x00000298de9ed300: 7f00 00ff | d0f4 4c89 | 6dc0 488d | 024c 8b4a | 0848 c742 | 0800 0000 | 004c 8b00 | 4d85 c00f 
  0x00000298de9ed320: 840b 0000 | 00f0 4d0f | b101 0f85 | 0c00 0000 | 49ff 8f50 | 0500 00e9 | 3e00 0000 | 4c89 4a08 
  0x00000298de9ed340: 488b ca48 | 83ec 2040 | f6c4 0f0f | 8419 0000 | 0048 83ec | 0848 b800 | 5b0c fbf8 | 7f00 00ff 
  0x00000298de9ed360: d048 83c4 | 08e9 0c00 | 0000 48b8 | 005b 0cfb | f87f 0000 | ffd0 4883 | c420 4c8b | 6dc0 49ba 
  0x00000298de9ed380: f945 91fb | f87f 0000 | 4180 3a00 | 0f84 3e00 | 0000 488b | 55e8 498b | cf48 83ec | 2040 f6c4 
  0x00000298de9ed3a0: 0f0f 8419 | 0000 0048 | 83ec 0848 | b840 0942 | fbf8 7f00 | 00ff d048 | 83c4 08e9 | 0c00 0000 
  0x00000298de9ed3c0: 48b8 4009 | 42fb f87f | 0000 ffd0 | 4883 c420 | 488b 0424 | 4883 c410 | c5fb 1004 | 2448 83c4 
  0x00000298de9ed3e0: 104c 8b5d | 1841 ffd3 | 4c8b 5df8 | c95f 498b | e3ff e7ba | 0000 0000 | e805 0000 | 00e9 9600 
  0x00000298de9ed400: 0000 488d | 4424 084c | 896d c049 | 8bcf c5f8 | 7749 89af | a803 0000 | 4989 8798 | 0300 0048 
  0x00000298de9ed420: 83ec 2040 | f6c4 0f0f | 8419 0000 | 0048 83ec | 0848 b8d0 | 4e0c fbf8 | 7f00 00ff | d048 83c4 
  0x00000298de9ed440: 08e9 0c00 | 0000 48b8 | d04e 0cfb | f87f 0000 | ffd0 4883 | c420 49c7 | 8798 0300 | 0000 0000 
  0x00000298de9ed460: 0049 c787 | a803 0000 | 0000 0000 | 49c7 87a0 | 0300 0000 | 0000 00c5 | f877 4983 | 7f08 000f 
  0x00000298de9ed480: 8405 0000 | 00e9 763a | ffff 4c8b | 6dc0 4c8b | 75c8 4e8d | 74f5 00c3 | 488b 5de8 | e95b f6ff 
  0x00000298de9ed4a0: ff0f 1f80 | 0000 0000 
[/MachCode]

---------------  P R O C E S S  ---------------

Threads class SMR info:
_java_thread_list=0x000002988407bd50, length=9, elements={
0x00000298cd5c3150, 0x0000029884094900, 0x000002988407ef90, 0x0000029884081df0,
0x0000029884082850, 0x00000298840832b0, 0x0000029884083d10, 0x0000029884088fb0,
0x00000298840b0370
}

Java Threads: ( => current thread )
=>0x00000298cd5c3150 JavaThread "main"                              [_thread_in_vm, id=17876, stack(0x000000cfb7300000,0x000000cfb7400000) (1024K)]
  0x0000029884094900 JavaThread "Reference Handler"          daemon [_thread_blocked, id=340, stack(0x000000cfb7b00000,0x000000cfb7c00000) (1024K)]
  0x000002988407ef90 JavaThread "Finalizer"                  daemon [_thread_blocked, id=18420, stack(0x000000cfb7c00000,0x000000cfb7d00000) (1024K)]
  0x0000029884081df0 JavaThread "Signal Dispatcher"          daemon [_thread_blocked, id=12520, stack(0x000000cfb7d00000,0x000000cfb7e00000) (1024K)]
  0x0000029884082850 JavaThread "Attach Listener"            daemon [_thread_blocked, id=5484, stack(0x000000cfb7e00000,0x000000cfb7f00000) (1024K)]
  0x00000298840832b0 JavaThread "Service Thread"             daemon [_thread_blocked, id=12668, stack(0x000000cfb7f00000,0x000000cfb8000000) (1024K)]
  0x0000029884083d10 JavaThread "Monitor Deflation Thread"   daemon [_thread_blocked, id=9784, stack(0x000000cfb8000000,0x000000cfb8100000) (1024K)]
  0x0000029884088fb0 JavaThread "C2 CompilerThread0"         daemon [_thread_blocked, id=16284, stack(0x000000cfb8100000,0x000000cfb8200000) (1024K)]
  0x00000298840b0370 JavaThread "C1 CompilerThread0"         daemon [_thread_blocked, id=7456, stack(0x000000cfb8200000,0x000000cfb8300000) (1024K)]
Total: 9

Other Threads:
  0x0000029884010800 VMThread "VM Thread"                           [id=5040, stack(0x000000cfb7a00000,0x000000cfb7b00000) (1024K)]
  0x00000298ec319610 WatcherThread "VM Periodic Task Thread"        [id=17724, stack(0x000000cfb7900000,0x000000cfb7a00000) (1024K)]
  0x00000298cd8acf40 WorkerThread "GC Thread#0"                     [id=19288, stack(0x000000cfb7400000,0x000000cfb7500000) (1024K)]
  0x00000298cd8bcd60 ConcurrentGCThread "G1 Main Marker"            [id=2372, stack(0x000000cfb7500000,0x000000cfb7600000) (1024K)]
  0x00000298cd8bdf80 WorkerThread "G1 Conc#0"                       [id=3908, stack(0x000000cfb7600000,0x000000cfb7700000) (1024K)]
  0x00000298cd91e3f0 ConcurrentGCThread "G1 Refine#0"               [id=9904, stack(0x000000cfb7700000,0x000000cfb7800000) (1024K)]
  0x00000298ec1ed9c0 ConcurrentGCThread "G1 Service"                [id=20428, stack(0x000000cfb7800000,0x000000cfb7900000) (1024K)]
Total: 7

Threads with active compile tasks:
Total: 0

VM state: not at safepoint (normal execution)

VM Mutex/Monitor currently owned by a thread:  ([mutex/lock_event])
[0x00007ff8fb92d3e8] Module_lock - owner thread: 0x00000298cd5c3150

Heap address: 0x0000000089400000, size: 1900 MB, Compressed Oops mode: 32-bit

CDS archive(s) not mapped
Compressed class space mapped at: 0x0000000100000000-0x0000000140000000, reserved size: 1073741824
Narrow klass base: 0x0000000000000000, Narrow klass shift: 3, Narrow klass range: 0x140000000

GC Precious Log:
 CardTable entry size: 512
 Card Set container configuration: InlinePtr #cards 5 size 8 Array Of Cards #cards 12 size 40 Howl #buckets 4 coarsen threshold 1843 Howl Bitmap #cards 512 size 80 coarsen threshold 460 Card regions per heap region 1 cards per card region 2048
 CPUs: 12 total, 12 available
 Memory: 7597M
 Large Page Support: Disabled
 NUMA Support: Disabled
 Compressed Oops: Enabled (32-bit)
 Heap Region Size: 1M
 Heap Min Capacity: 8M
 Heap Initial Capacity: 120M
 Heap Max Capacity: 1900M
 Pre-touch: Disabled
 Parallel Workers: 10
 Concurrent Workers: 3
 Concurrent Refinement Workers: 10
 Periodic GC: Disabled

Heap:
 garbage-first heap   total 122880K, used 1024K [0x0000000089400000, 0x0000000100000000)
  region size 1024K, 2 young (2048K), 0 survivors (0K)
 Metaspace       used 4029K, committed 4096K, reserved 1114112K
  class space    used 308K, committed 320K, reserved 1048576K

Heap Regions: E=young(eden), S=young(survivor), O=old, HS=humongous(starts), HC=humongous(continues), CS=collection set, F=free, TAMS=top-at-mark-start, PB=parsable bottom
|   0|0x0000000089400000, 0x0000000089400000, 0x0000000089500000|  0%| F|  |TAMS 0x0000000089400000| PB 0x0000000089400000| Untracked 
|   1|0x0000000089500000, 0x0000000089500000, 0x0000000089600000|  0%| F|  |TAMS 0x0000000089500000| PB 0x0000000089500000| Untracked 
|   2|0x0000000089600000, 0x0000000089600000, 0x0000000089700000|  0%| F|  |TAMS 0x0000000089600000| PB 0x0000000089600000| Untracked 
|   3|0x0000000089700000, 0x0000000089700000, 0x0000000089800000|  0%| F|  |TAMS 0x0000000089700000| PB 0x0000000089700000| Untracked 
|   4|0x0000000089800000, 0x0000000089800000, 0x0000000089900000|  0%| F|  |TAMS 0x0000000089800000| PB 0x0000000089800000| Untracked 
|   5|0x0000000089900000, 0x0000000089900000, 0x0000000089a00000|  0%| F|  |TAMS 0x0000000089900000| PB 0x0000000089900000| Untracked 
|   6|0x0000000089a00000, 0x0000000089a00000, 0x0000000089b00000|  0%| F|  |TAMS 0x0000000089a00000| PB 0x0000000089a00000| Untracked 
|   7|0x0000000089b00000, 0x0000000089b00000, 0x0000000089c00000|  0%| F|  |TAMS 0x0000000089b00000| PB 0x0000000089b00000| Untracked 
|   8|0x0000000089c00000, 0x0000000089c00000, 0x0000000089d00000|  0%| F|  |TAMS 0x0000000089c00000| PB 0x0000000089c00000| Untracked 
|   9|0x0000000089d00000, 0x0000000089d00000, 0x0000000089e00000|  0%| F|  |TAMS 0x0000000089d00000| PB 0x0000000089d00000| Untracked 
|  10|0x0000000089e00000, 0x0000000089e00000, 0x0000000089f00000|  0%| F|  |TAMS 0x0000000089e00000| PB 0x0000000089e00000| Untracked 
|  11|0x0000000089f00000, 0x0000000089f00000, 0x000000008a000000|  0%| F|  |TAMS 0x0000000089f00000| PB 0x0000000089f00000| Untracked 
|  12|0x000000008a000000, 0x000000008a000000, 0x000000008a100000|  0%| F|  |TAMS 0x000000008a000000| PB 0x000000008a000000| Untracked 
|  13|0x000000008a100000, 0x000000008a100000, 0x000000008a200000|  0%| F|  |TAMS 0x000000008a100000| PB 0x000000008a100000| Untracked 
|  14|0x000000008a200000, 0x000000008a200000, 0x000000008a300000|  0%| F|  |TAMS 0x000000008a200000| PB 0x000000008a200000| Untracked 
|  15|0x000000008a300000, 0x000000008a300000, 0x000000008a400000|  0%| F|  |TAMS 0x000000008a300000| PB 0x000000008a300000| Untracked 
|  16|0x000000008a400000, 0x000000008a400000, 0x000000008a500000|  0%| F|  |TAMS 0x000000008a400000| PB 0x000000008a400000| Untracked 
|  17|0x000000008a500000, 0x000000008a500000, 0x000000008a600000|  0%| F|  |TAMS 0x000000008a500000| PB 0x000000008a500000| Untracked 
|  18|0x000000008a600000, 0x000000008a600000, 0x000000008a700000|  0%| F|  |TAMS 0x000000008a600000| PB 0x000000008a600000| Untracked 
|  19|0x000000008a700000, 0x000000008a700000, 0x000000008a800000|  0%| F|  |TAMS 0x000000008a700000| PB 0x000000008a700000| Untracked 
|  20|0x000000008a800000, 0x000000008a800000, 0x000000008a900000|  0%| F|  |TAMS 0x000000008a800000| PB 0x000000008a800000| Untracked 
|  21|0x000000008a900000, 0x000000008a900000, 0x000000008aa00000|  0%| F|  |TAMS 0x000000008a900000| PB 0x000000008a900000| Untracked 
|  22|0x000000008aa00000, 0x000000008aa00000, 0x000000008ab00000|  0%| F|  |TAMS 0x000000008aa00000| PB 0x000000008aa00000| Untracked 
|  23|0x000000008ab00000, 0x000000008ab00000, 0x000000008ac00000|  0%| F|  |TAMS 0x000000008ab00000| PB 0x000000008ab00000| Untracked 
|  24|0x000000008ac00000, 0x000000008ac00000, 0x000000008ad00000|  0%| F|  |TAMS 0x000000008ac00000| PB 0x000000008ac00000| Untracked 
|  25|0x000000008ad00000, 0x000000008ad00000, 0x000000008ae00000|  0%| F|  |TAMS 0x000000008ad00000| PB 0x000000008ad00000| Untracked 
|  26|0x000000008ae00000, 0x000000008ae00000, 0x000000008af00000|  0%| F|  |TAMS 0x000000008ae00000| PB 0x000000008ae00000| Untracked 
|  27|0x000000008af00000, 0x000000008af00000, 0x000000008b000000|  0%| F|  |TAMS 0x000000008af00000| PB 0x000000008af00000| Untracked 
|  28|0x000000008b000000, 0x000000008b000000, 0x000000008b100000|  0%| F|  |TAMS 0x000000008b000000| PB 0x000000008b000000| Untracked 
|  29|0x000000008b100000, 0x000000008b100000, 0x000000008b200000|  0%| F|  |TAMS 0x000000008b100000| PB 0x000000008b100000| Untracked 
|  30|0x000000008b200000, 0x000000008b200000, 0x000000008b300000|  0%| F|  |TAMS 0x000000008b200000| PB 0x000000008b200000| Untracked 
|  31|0x000000008b300000, 0x000000008b300000, 0x000000008b400000|  0%| F|  |TAMS 0x000000008b300000| PB 0x000000008b300000| Untracked 
|  32|0x000000008b400000, 0x000000008b400000, 0x000000008b500000|  0%| F|  |TAMS 0x000000008b400000| PB 0x000000008b400000| Untracked 
|  33|0x000000008b500000, 0x000000008b500000, 0x000000008b600000|  0%| F|  |TAMS 0x000000008b500000| PB 0x000000008b500000| Untracked 
|  34|0x000000008b600000, 0x000000008b600000, 0x000000008b700000|  0%| F|  |TAMS 0x000000008b600000| PB 0x000000008b600000| Untracked 
|  35|0x000000008b700000, 0x000000008b700000, 0x000000008b800000|  0%| F|  |TAMS 0x000000008b700000| PB 0x000000008b700000| Untracked 
|  36|0x000000008b800000, 0x000000008b800000, 0x000000008b900000|  0%| F|  |TAMS 0x000000008b800000| PB 0x000000008b800000| Untracked 
|  37|0x000000008b900000, 0x000000008b900000, 0x000000008ba00000|  0%| F|  |TAMS 0x000000008b900000| PB 0x000000008b900000| Untracked 
|  38|0x000000008ba00000, 0x000000008ba00000, 0x000000008bb00000|  0%| F|  |TAMS 0x000000008ba00000| PB 0x000000008ba00000| Untracked 
|  39|0x000000008bb00000, 0x000000008bb00000, 0x000000008bc00000|  0%| F|  |TAMS 0x000000008bb00000| PB 0x000000008bb00000| Untracked 
|  40|0x000000008bc00000, 0x000000008bc00000, 0x000000008bd00000|  0%| F|  |TAMS 0x000000008bc00000| PB 0x000000008bc00000| Untracked 
|  41|0x000000008bd00000, 0x000000008bd00000, 0x000000008be00000|  0%| F|  |TAMS 0x000000008bd00000| PB 0x000000008bd00000| Untracked 
|  42|0x000000008be00000, 0x000000008be00000, 0x000000008bf00000|  0%| F|  |TAMS 0x000000008be00000| PB 0x000000008be00000| Untracked 
|  43|0x000000008bf00000, 0x000000008bf00000, 0x000000008c000000|  0%| F|  |TAMS 0x000000008bf00000| PB 0x000000008bf00000| Untracked 
|  44|0x000000008c000000, 0x000000008c000000, 0x000000008c100000|  0%| F|  |TAMS 0x000000008c000000| PB 0x000000008c000000| Untracked 
|  45|0x000000008c100000, 0x000000008c100000, 0x000000008c200000|  0%| F|  |TAMS 0x000000008c100000| PB 0x000000008c100000| Untracked 
|  46|0x000000008c200000, 0x000000008c200000, 0x000000008c300000|  0%| F|  |TAMS 0x000000008c200000| PB 0x000000008c200000| Untracked 
|  47|0x000000008c300000, 0x000000008c300000, 0x000000008c400000|  0%| F|  |TAMS 0x000000008c300000| PB 0x000000008c300000| Untracked 
|  48|0x000000008c400000, 0x000000008c400000, 0x000000008c500000|  0%| F|  |TAMS 0x000000008c400000| PB 0x000000008c400000| Untracked 
|  49|0x000000008c500000, 0x000000008c500000, 0x000000008c600000|  0%| F|  |TAMS 0x000000008c500000| PB 0x000000008c500000| Untracked 
|  50|0x000000008c600000, 0x000000008c600000, 0x000000008c700000|  0%| F|  |TAMS 0x000000008c600000| PB 0x000000008c600000| Untracked 
|  51|0x000000008c700000, 0x000000008c700000, 0x000000008c800000|  0%| F|  |TAMS 0x000000008c700000| PB 0x000000008c700000| Untracked 
|  52|0x000000008c800000, 0x000000008c800000, 0x000000008c900000|  0%| F|  |TAMS 0x000000008c800000| PB 0x000000008c800000| Untracked 
|  53|0x000000008c900000, 0x000000008c900000, 0x000000008ca00000|  0%| F|  |TAMS 0x000000008c900000| PB 0x000000008c900000| Untracked 
|  54|0x000000008ca00000, 0x000000008ca00000, 0x000000008cb00000|  0%| F|  |TAMS 0x000000008ca00000| PB 0x000000008ca00000| Untracked 
|  55|0x000000008cb00000, 0x000000008cb00000, 0x000000008cc00000|  0%| F|  |TAMS 0x000000008cb00000| PB 0x000000008cb00000| Untracked 
|  56|0x000000008cc00000, 0x000000008cc00000, 0x000000008cd00000|  0%| F|  |TAMS 0x000000008cc00000| PB 0x000000008cc00000| Untracked 
|  57|0x000000008cd00000, 0x000000008cd00000, 0x000000008ce00000|  0%| F|  |TAMS 0x000000008cd00000| PB 0x000000008cd00000| Untracked 
|  58|0x000000008ce00000, 0x000000008ce00000, 0x000000008cf00000|  0%| F|  |TAMS 0x000000008ce00000| PB 0x000000008ce00000| Untracked 
|  59|0x000000008cf00000, 0x000000008cf00000, 0x000000008d000000|  0%| F|  |TAMS 0x000000008cf00000| PB 0x000000008cf00000| Untracked 
|  60|0x000000008d000000, 0x000000008d000000, 0x000000008d100000|  0%| F|  |TAMS 0x000000008d000000| PB 0x000000008d000000| Untracked 
|  61|0x000000008d100000, 0x000000008d100000, 0x000000008d200000|  0%| F|  |TAMS 0x000000008d100000| PB 0x000000008d100000| Untracked 
|  62|0x000000008d200000, 0x000000008d200000, 0x000000008d300000|  0%| F|  |TAMS 0x000000008d200000| PB 0x000000008d200000| Untracked 
|  63|0x000000008d300000, 0x000000008d300000, 0x000000008d400000|  0%| F|  |TAMS 0x000000008d300000| PB 0x000000008d300000| Untracked 
|  64|0x000000008d400000, 0x000000008d400000, 0x000000008d500000|  0%| F|  |TAMS 0x000000008d400000| PB 0x000000008d400000| Untracked 
|  65|0x000000008d500000, 0x000000008d500000, 0x000000008d600000|  0%| F|  |TAMS 0x000000008d500000| PB 0x000000008d500000| Untracked 
|  66|0x000000008d600000, 0x000000008d600000, 0x000000008d700000|  0%| F|  |TAMS 0x000000008d600000| PB 0x000000008d600000| Untracked 
|  67|0x000000008d700000, 0x000000008d700000, 0x000000008d800000|  0%| F|  |TAMS 0x000000008d700000| PB 0x000000008d700000| Untracked 
|  68|0x000000008d800000, 0x000000008d800000, 0x000000008d900000|  0%| F|  |TAMS 0x000000008d800000| PB 0x000000008d800000| Untracked 
|  69|0x000000008d900000, 0x000000008d900000, 0x000000008da00000|  0%| F|  |TAMS 0x000000008d900000| PB 0x000000008d900000| Untracked 
|  70|0x000000008da00000, 0x000000008da00000, 0x000000008db00000|  0%| F|  |TAMS 0x000000008da00000| PB 0x000000008da00000| Untracked 
|  71|0x000000008db00000, 0x000000008db00000, 0x000000008dc00000|  0%| F|  |TAMS 0x000000008db00000| PB 0x000000008db00000| Untracked 
|  72|0x000000008dc00000, 0x000000008dc00000, 0x000000008dd00000|  0%| F|  |TAMS 0x000000008dc00000| PB 0x000000008dc00000| Untracked 
|  73|0x000000008dd00000, 0x000000008dd00000, 0x000000008de00000|  0%| F|  |TAMS 0x000000008dd00000| PB 0x000000008dd00000| Untracked 
|  74|0x000000008de00000, 0x000000008de00000, 0x000000008df00000|  0%| F|  |TAMS 0x000000008de00000| PB 0x000000008de00000| Untracked 
|  75|0x000000008df00000, 0x000000008df00000, 0x000000008e000000|  0%| F|  |TAMS 0x000000008df00000| PB 0x000000008df00000| Untracked 
|  76|0x000000008e000000, 0x000000008e000000, 0x000000008e100000|  0%| F|  |TAMS 0x000000008e000000| PB 0x000000008e000000| Untracked 
|  77|0x000000008e100000, 0x000000008e100000, 0x000000008e200000|  0%| F|  |TAMS 0x000000008e100000| PB 0x000000008e100000| Untracked 
|  78|0x000000008e200000, 0x000000008e200000, 0x000000008e300000|  0%| F|  |TAMS 0x000000008e200000| PB 0x000000008e200000| Untracked 
|  79|0x000000008e300000, 0x000000008e300000, 0x000000008e400000|  0%| F|  |TAMS 0x000000008e300000| PB 0x000000008e300000| Untracked 
|  80|0x000000008e400000, 0x000000008e400000, 0x000000008e500000|  0%| F|  |TAMS 0x000000008e400000| PB 0x000000008e400000| Untracked 
|  81|0x000000008e500000, 0x000000008e500000, 0x000000008e600000|  0%| F|  |TAMS 0x000000008e500000| PB 0x000000008e500000| Untracked 
|  82|0x000000008e600000, 0x000000008e600000, 0x000000008e700000|  0%| F|  |TAMS 0x000000008e600000| PB 0x000000008e600000| Untracked 
|  83|0x000000008e700000, 0x000000008e700000, 0x000000008e800000|  0%| F|  |TAMS 0x000000008e700000| PB 0x000000008e700000| Untracked 
|  84|0x000000008e800000, 0x000000008e800000, 0x000000008e900000|  0%| F|  |TAMS 0x000000008e800000| PB 0x000000008e800000| Untracked 
|  85|0x000000008e900000, 0x000000008e900000, 0x000000008ea00000|  0%| F|  |TAMS 0x000000008e900000| PB 0x000000008e900000| Untracked 
|  86|0x000000008ea00000, 0x000000008ea00000, 0x000000008eb00000|  0%| F|  |TAMS 0x000000008ea00000| PB 0x000000008ea00000| Untracked 
|  87|0x000000008eb00000, 0x000000008eb00000, 0x000000008ec00000|  0%| F|  |TAMS 0x000000008eb00000| PB 0x000000008eb00000| Untracked 
|  88|0x000000008ec00000, 0x000000008ec00000, 0x000000008ed00000|  0%| F|  |TAMS 0x000000008ec00000| PB 0x000000008ec00000| Untracked 
|  89|0x000000008ed00000, 0x000000008ed00000, 0x000000008ee00000|  0%| F|  |TAMS 0x000000008ed00000| PB 0x000000008ed00000| Untracked 
|  90|0x000000008ee00000, 0x000000008ee00000, 0x000000008ef00000|  0%| F|  |TAMS 0x000000008ee00000| PB 0x000000008ee00000| Untracked 
|  91|0x000000008ef00000, 0x000000008ef00000, 0x000000008f000000|  0%| F|  |TAMS 0x000000008ef00000| PB 0x000000008ef00000| Untracked 
|  92|0x000000008f000000, 0x000000008f000000, 0x000000008f100000|  0%| F|  |TAMS 0x000000008f000000| PB 0x000000008f000000| Untracked 
|  93|0x000000008f100000, 0x000000008f100000, 0x000000008f200000|  0%| F|  |TAMS 0x000000008f100000| PB 0x000000008f100000| Untracked 
|  94|0x000000008f200000, 0x000000008f200000, 0x000000008f300000|  0%| F|  |TAMS 0x000000008f200000| PB 0x000000008f200000| Untracked 
|  95|0x000000008f300000, 0x000000008f300000, 0x000000008f400000|  0%| F|  |TAMS 0x000000008f300000| PB 0x000000008f300000| Untracked 
|  96|0x000000008f400000, 0x000000008f400000, 0x000000008f500000|  0%| F|  |TAMS 0x000000008f400000| PB 0x000000008f400000| Untracked 
|  97|0x000000008f500000, 0x000000008f500000, 0x000000008f600000|  0%| F|  |TAMS 0x000000008f500000| PB 0x000000008f500000| Untracked 
|  98|0x000000008f600000, 0x000000008f600000, 0x000000008f700000|  0%| F|  |TAMS 0x000000008f600000| PB 0x000000008f600000| Untracked 
|  99|0x000000008f700000, 0x000000008f700000, 0x000000008f800000|  0%| F|  |TAMS 0x000000008f700000| PB 0x000000008f700000| Untracked 
| 100|0x000000008f800000, 0x000000008f800000, 0x000000008f900000|  0%| F|  |TAMS 0x000000008f800000| PB 0x000000008f800000| Untracked 
| 101|0x000000008f900000, 0x000000008f900000, 0x000000008fa00000|  0%| F|  |TAMS 0x000000008f900000| PB 0x000000008f900000| Untracked 
| 102|0x000000008fa00000, 0x000000008fa00000, 0x000000008fb00000|  0%| F|  |TAMS 0x000000008fa00000| PB 0x000000008fa00000| Untracked 
| 103|0x000000008fb00000, 0x000000008fb00000, 0x000000008fc00000|  0%| F|  |TAMS 0x000000008fb00000| PB 0x000000008fb00000| Untracked 
| 104|0x000000008fc00000, 0x000000008fc00000, 0x000000008fd00000|  0%| F|  |TAMS 0x000000008fc00000| PB 0x000000008fc00000| Untracked 
| 105|0x000000008fd00000, 0x000000008fd00000, 0x000000008fe00000|  0%| F|  |TAMS 0x000000008fd00000| PB 0x000000008fd00000| Untracked 
| 106|0x000000008fe00000, 0x000000008fe00000, 0x000000008ff00000|  0%| F|  |TAMS 0x000000008fe00000| PB 0x000000008fe00000| Untracked 
| 107|0x000000008ff00000, 0x000000008ff00000, 0x0000000090000000|  0%| F|  |TAMS 0x000000008ff00000| PB 0x000000008ff00000| Untracked 
| 108|0x0000000090000000, 0x0000000090000000, 0x0000000090100000|  0%| F|  |TAMS 0x0000000090000000| PB 0x0000000090000000| Untracked 
| 109|0x0000000090100000, 0x0000000090100000, 0x0000000090200000|  0%| F|  |TAMS 0x0000000090100000| PB 0x0000000090100000| Untracked 
| 110|0x0000000090200000, 0x0000000090200000, 0x0000000090300000|  0%| F|  |TAMS 0x0000000090200000| PB 0x0000000090200000| Untracked 
| 111|0x0000000090300000, 0x0000000090300000, 0x0000000090400000|  0%| F|  |TAMS 0x0000000090300000| PB 0x0000000090300000| Untracked 
| 112|0x0000000090400000, 0x0000000090400000, 0x0000000090500000|  0%| F|  |TAMS 0x0000000090400000| PB 0x0000000090400000| Untracked 
| 113|0x0000000090500000, 0x0000000090500000, 0x0000000090600000|  0%| F|  |TAMS 0x0000000090500000| PB 0x0000000090500000| Untracked 
| 114|0x0000000090600000, 0x0000000090600000, 0x0000000090700000|  0%| F|  |TAMS 0x0000000090600000| PB 0x0000000090600000| Untracked 
| 115|0x0000000090700000, 0x0000000090700000, 0x0000000090800000|  0%| F|  |TAMS 0x0000000090700000| PB 0x0000000090700000| Untracked 
| 116|0x0000000090800000, 0x0000000090800000, 0x0000000090900000|  0%| F|  |TAMS 0x0000000090800000| PB 0x0000000090800000| Untracked 
| 117|0x0000000090900000, 0x0000000090900000, 0x0000000090a00000|  0%| F|  |TAMS 0x0000000090900000| PB 0x0000000090900000| Untracked 
| 118|0x0000000090a00000, 0x0000000090a76440, 0x0000000090b00000| 46%| E|  |TAMS 0x0000000090a00000| PB 0x0000000090a00000| Complete 
| 119|0x0000000090b00000, 0x0000000090c00000, 0x0000000090c00000|100%| E|CS|TAMS 0x0000000090b00000| PB 0x0000000090b00000| Complete 

Card table byte_map: [0x00000298e74f0000,0x00000298e78b0000] _byte_map_base: 0x00000298e70a6000

Marking Bits: (CMBitMap*) 0x00000298cd8ad550
 Bits: [0x00000298e78b0000, 0x00000298e9660000)

Polling page: 0x00000298cd920000

Metaspace:

Usage:
  Non-class:      3.63 MB used.
      Class:    308.25 KB used.
       Both:      3.94 MB used.

Virtual space:
  Non-class space:       64.00 MB reserved,       3.69 MB (  6%) committed,  1 nodes.
      Class space:        1.00 GB reserved,     320.00 KB ( <1%) committed,  1 nodes.
             Both:        1.06 GB reserved,       4.00 MB ( <1%) committed. 

Chunk freelists:
   Non-Class:  12.00 MB
       Class:  15.62 MB
        Both:  27.62 MB

MaxMetaspaceSize: unlimited
CompressedClassSpaceSize: 1.00 GB
Initial GC threshold: 21.00 MB
Current GC threshold: 21.00 MB
CDS: off
 - commit_granule_bytes: 65536.
 - commit_granule_words: 8192.
 - virtual_space_node_default_size: 8388608.
 - enlarge_chunks_in_place: 1.
 - use_allocation_guard: 0.


Internal statistics:

num_allocs_failed_limit: 0.
num_arena_births: 2.
num_arena_deaths: 0.
num_vsnodes_births: 2.
num_vsnodes_deaths: 0.
num_space_committed: 64.
num_space_uncommitted: 0.
num_chunks_returned_to_freelist: 0.
num_chunks_taken_from_freelist: 4.
num_chunk_merges: 0.
num_chunk_splits: 2.
num_chunks_enlarged: 0.
num_inconsistent_stats: 0.

CodeHeap 'non-profiled nmethods': size=120000Kb used=12Kb max_used=12Kb free=119987Kb
 bounds [0x00000298def80000, 0x00000298df1f0000, 0x00000298e64b0000]
CodeHeap 'profiled nmethods': size=120000Kb used=85Kb max_used=85Kb free=119914Kb
 bounds [0x00000298d74b0000, 0x00000298d7720000, 0x00000298de9e0000]
CodeHeap 'non-nmethods': size=5760Kb used=1163Kb max_used=1177Kb free=4596Kb
 bounds [0x00000298de9e0000, 0x00000298dec50000, 0x00000298def80000]
 total_blobs=360 nmethods=62 adapters=203
 compilation: enabled
              stopped_count=0, restarted_count=0
 full_count=0

Compilation events (20 events):
Event: 0.111 Thread 0x00000298840b0370 nmethod 49 0x00000298def82410 code [0x00000298def825a0, 0x00000298def82668]
Event: 0.111 Thread 0x00000298840b0370   57       3       java.util.HashMap::getNode (150 bytes)
Event: 0.112 Thread 0x00000298840b0370 nmethod 57 0x00000298d74c2b90 code [0x00000298d74c2de0, 0x00000298d74c3930]
Event: 0.112 Thread 0x00000298840b0370   55       3       java.util.HashMap::put (13 bytes)
Event: 0.112 Thread 0x00000298840b0370 nmethod 55 0x00000298d74c3c10 code [0x00000298d74c3de0, 0x00000298d74c40e0]
Event: 0.112 Thread 0x00000298840b0370   54       1       java.lang.module.ModuleDescriptor$Exports::source (5 bytes)
Event: 0.112 Thread 0x00000298840b0370 nmethod 54 0x00000298def82710 code [0x00000298def828a0, 0x00000298def82968]
Event: 0.112 Thread 0x00000298840b0370   58       3       java.util.HashMap::get (19 bytes)
Event: 0.112 Thread 0x00000298840b0370 nmethod 58 0x00000298d74c4210 code [0x00000298d74c43c0, 0x00000298d74c4578]
Event: 0.112 Thread 0x00000298840b0370   46       3       java.lang.String::getBytes (44 bytes)
Event: 0.112 Thread 0x00000298840b0370 nmethod 46 0x00000298d74c4690 code [0x00000298d74c4860, 0x00000298d74c4b68]
Event: 0.112 Thread 0x00000298840b0370   56       1       java.lang.module.ModuleDescriptor::isAutomatic (5 bytes)
Event: 0.112 Thread 0x00000298840b0370 nmethod 56 0x00000298def82a10 code [0x00000298def82ba0, 0x00000298def82c70]
Event: 0.112 Thread 0x00000298840b0370   60       3       java.lang.module.ResolvedModule::name (11 bytes)
Event: 0.112 Thread 0x00000298840b0370 nmethod 60 0x00000298d74c4c90 code [0x00000298d74c4e40, 0x00000298d74c4fa0]
Event: 0.112 Thread 0x00000298840b0370   59       1       java.lang.module.ResolvedModule::configuration (5 bytes)
Event: 0.112 Thread 0x00000298840b0370 nmethod 59 0x00000298def82d10 code [0x00000298def82ea0, 0x00000298def82f68]
Event: 0.112 Thread 0x00000298840b0370   62       3       java.util.HashMap::<init> (11 bytes)
Event: 0.112 Thread 0x00000298840b0370 nmethod 62 0x00000298d74c5090 code [0x00000298d74c5240, 0x00000298d74c5410]
Event: 0.112 Thread 0x00000298840b0370   61       1       java.lang.module.ModuleDescriptor$Exports::targets (5 bytes)

GC Heap History (0 events):
No events

Dll operation events (2 events):
Event: 0.007 Loaded shared library C:\Users\10124\Downloads\jdk-21.0.2\bin\java.dll
Event: 0.079 Loaded shared library C:\Users\10124\Downloads\jdk-21.0.2\bin\jsvml.dll

Deoptimization events (0 events):
No events

Classes loaded (20 events):
Event: 0.106 Loading class java/lang/module/Configuration
Event: 0.107 Loading class java/lang/module/Configuration done
Event: 0.107 Loading class java/lang/module/ResolvedModule
Event: 0.107 Loading class java/lang/module/ResolvedModule done
Event: 0.107 Loading class java/util/AbstractMap$1
Event: 0.107 Loading class java/util/AbstractMap$1 done
Event: 0.107 Loading class java/util/AbstractMap$1$1
Event: 0.107 Loading class java/util/AbstractMap$1$1 done
Event: 0.108 Loading class jdk/internal/module/ModuleLoaderMap
Event: 0.108 Loading class jdk/internal/module/ModuleLoaderMap done
Event: 0.108 Loading class jdk/internal/module/ModuleLoaderMap$Mapper
Event: 0.108 Loading class jdk/internal/module/ModuleLoaderMap$Mapper done
Event: 0.108 Loading class jdk/internal/module/ModuleLoaderMap$Modules
Event: 0.108 Loading class jdk/internal/module/ModuleLoaderMap$Modules done
Event: 0.109 Loading class java/lang/ModuleLayer
Event: 0.109 Loading class java/lang/ModuleLayer done
Event: 0.109 Loading class java/util/ImmutableCollections$ListItr
Event: 0.109 Loading class java/util/ListIterator
Event: 0.109 Loading class java/util/ListIterator done
Event: 0.109 Loading class java/util/ImmutableCollections$ListItr done

Classes unloaded (0 events):
No events

Classes redefined (0 events):
No events

Internal exceptions (0 events):
No events

ZGC Phase Switch (0 events):
No events

VM Operations (0 events):
No events

Events (9 events):
Event: 0.011 Thread 0x00000298cd5c3150 Thread added: 0x00000298cd5c3150
Event: 0.076 Thread 0x0000029884094900 Thread added: 0x0000029884094900
Event: 0.076 Thread 0x000002988407ef90 Thread added: 0x000002988407ef90
Event: 0.077 Thread 0x0000029884081df0 Thread added: 0x0000029884081df0
Event: 0.077 Thread 0x0000029884082850 Thread added: 0x0000029884082850
Event: 0.077 Thread 0x00000298840832b0 Thread added: 0x00000298840832b0
Event: 0.078 Thread 0x0000029884083d10 Thread added: 0x0000029884083d10
Event: 0.078 Thread 0x0000029884088fb0 Thread added: 0x0000029884088fb0
Event: 0.078 Thread 0x00000298840b0370 Thread added: 0x00000298840b0370


Dynamic libraries:
0x00007ff678640000 - 0x00007ff678650000 	C:\Users\10124\Downloads\jdk-21.0.2\bin\java.exe
0x00007ff96f370000 - 0x00007ff96f586000 	C:\WINDOWS\SYSTEM32\ntdll.dll
0x00007ff96dce0000 - 0x00007ff96dda4000 	C:\WINDOWS\System32\KERNEL32.DLL
0x00007ff96cbf0000 - 0x00007ff96cf96000 	C:\WINDOWS\System32\KERNELBASE.dll
0x00007ff96c780000 - 0x00007ff96c891000 	C:\WINDOWS\System32\ucrtbase.dll
0x00007ff969640000 - 0x00007ff969659000 	C:\Users\10124\Downloads\jdk-21.0.2\bin\jli.dll
0x00007ff964cf0000 - 0x00007ff964d0b000 	C:\Users\10124\Downloads\jdk-21.0.2\bin\VCRUNTIME140.dll
0x00007ff96e720000 - 0x00007ff96e7d2000 	C:\WINDOWS\System32\ADVAPI32.dll
0x00007ff96d5d0000 - 0x00007ff96d677000 	C:\WINDOWS\System32\msvcrt.dll
0x00007ff96d0c0000 - 0x00007ff96d168000 	C:\WINDOWS\System32\sechost.dll
0x00007ff96c720000 - 0x00007ff96c748000 	C:\WINDOWS\System32\bcrypt.dll
0x00007ff96d350000 - 0x00007ff96d465000 	C:\WINDOWS\System32\RPCRT4.dll
0x00007ff96ebe0000 - 0x00007ff96ed8d000 	C:\WINDOWS\System32\USER32.dll
0x00007ff96c750000 - 0x00007ff96c776000 	C:\WINDOWS\System32\win32u.dll
0x00007ff959780000 - 0x00007ff959a13000 	C:\WINDOWS\WinSxS\amd64_microsoft.windows.common-controls_6595b64144ccf1df_6.0.22621.3235_none_270f74e173860f98\COMCTL32.dll
0x00007ff96ddd0000 - 0x00007ff96ddf9000 	C:\WINDOWS\System32\GDI32.dll
0x00007ff96cfa0000 - 0x00007ff96d0b8000 	C:\WINDOWS\System32\gdi32full.dll
0x00007ff96ca10000 - 0x00007ff96caaa000 	C:\WINDOWS\System32\msvcp_win.dll
0x00007ff963120000 - 0x00007ff96312a000 	C:\WINDOWS\SYSTEM32\VERSION.dll
0x00007ff96d4f0000 - 0x00007ff96d521000 	C:\WINDOWS\System32\IMM32.DLL
0x00007ff965c10000 - 0x00007ff965c1c000 	C:\Users\10124\Downloads\jdk-21.0.2\bin\vcruntime140_1.dll
0x00007ff94efc0000 - 0x00007ff94f04e000 	C:\Users\10124\Downloads\jdk-21.0.2\bin\msvcp140.dll
0x00007ff8facf0000 - 0x00007ff8fba07000 	C:\Users\10124\Downloads\jdk-21.0.2\bin\server\jvm.dll
0x00007ff96f2b0000 - 0x00007ff96f321000 	C:\WINDOWS\System32\WS2_32.dll
0x00007ff96c3d0000 - 0x00007ff96c41d000 	C:\WINDOWS\SYSTEM32\POWRPROF.dll
0x00007ff964b00000 - 0x00007ff964b34000 	C:\WINDOWS\SYSTEM32\WINMM.dll
0x00007ff96c3b0000 - 0x00007ff96c3c3000 	C:\WINDOWS\SYSTEM32\UMPDC.dll
0x00007ff96b6f0000 - 0x00007ff96b708000 	C:\WINDOWS\SYSTEM32\kernel.appcore.dll
0x00007ff962220000 - 0x00007ff96222a000 	C:\Users\10124\Downloads\jdk-21.0.2\bin\jimage.dll
0x00007ff962c00000 - 0x00007ff962e33000 	C:\WINDOWS\SYSTEM32\DBGHELP.DLL
0x00007ff96ed90000 - 0x00007ff96f118000 	C:\WINDOWS\System32\combase.dll
0x00007ff96db00000 - 0x00007ff96dbd7000 	C:\WINDOWS\System32\OLEAUT32.dll
0x00007ff962bc0000 - 0x00007ff962bf2000 	C:\WINDOWS\SYSTEM32\dbgcore.DLL
0x00007ff96cab0000 - 0x00007ff96cb2a000 	C:\WINDOWS\System32\bcryptPrimitives.dll
0x00007ff964c40000 - 0x00007ff964c5f000 	C:\Users\10124\Downloads\jdk-21.0.2\bin\java.dll
0x00007ff96dec0000 - 0x00007ff96e71d000 	C:\WINDOWS\System32\SHELL32.dll
0x00007ff96a610000 - 0x00007ff96af08000 	C:\WINDOWS\SYSTEM32\windows.storage.dll
0x00007ff96a4d0000 - 0x00007ff96a60e000 	C:\WINDOWS\SYSTEM32\wintypes.dll
0x00007ff96e7e0000 - 0x00007ff96e8d3000 	C:\WINDOWS\System32\SHCORE.dll
0x00007ff96f1a0000 - 0x00007ff96f1fe000 	C:\WINDOWS\System32\shlwapi.dll
0x00007ff96c5e0000 - 0x00007ff96c606000 	C:\WINDOWS\SYSTEM32\profapi.dll
0x00007ff94f1e0000 - 0x00007ff94f2b7000 	C:\Users\10124\Downloads\jdk-21.0.2\bin\jsvml.dll

dbghelp: loaded successfully - version: 4.0.5 - missing functions: none
symbol engine: initialized successfully - sym options: 0x614 - pdb path: .;C:\Users\10124\Downloads\jdk-21.0.2\bin;C:\WINDOWS\SYSTEM32;C:\WINDOWS\WinSxS\amd64_microsoft.windows.common-controls_6595b64144ccf1df_6.0.22621.3235_none_270f74e173860f98;C:\Users\10124\Downloads\jdk-21.0.2\bin\server

VM Arguments:
jvm_args: -Dclassworlds.conf=C:\Program Files\NetBeans-21\netbeans\java\maven\bin\m2.conf -Dmaven.home=C:\Program Files\NetBeans-21\netbeans\java\maven -Dlibrary.jansi.path=C:\Program Files\NetBeans-21\netbeans\java\maven\lib\jansi-native -Dmaven.multiModuleProjectDirectory=C:\Users\10124\OneDrive\Documents\GitHub\project-2-mhpl 
java_command: org.codehaus.plexus.classworlds.launcher.Launcher -Dexec.vmArgs= -Dexec.args=${exec.vmArgs} -classpath %classpath ${exec.mainClass} ${exec.appArgs} -Dexec.executable=C:\Users\10124\Downloads\jdk-21.0.2\bin\java.exe -Dexec.mainClass=Main -Dexec.classpathScope=runtime -Dexec.appArgs= -Dmaven.ext.class.path=C:\Program Files\NetBeans-21\netbeans\java\maven-nblib\netbeans-eventspy.jar --no-transfer-progress process-classes org.codehaus.mojo:exec-maven-plugin:3.1.0:exec
java_class_path (initial): C:\Program Files\NetBeans-21\netbeans\java\maven\boot\plexus-classworlds-2.7.0.jar
Launcher Type: SUN_STANDARD

[Global flags]
     intx CICompilerCount                          = 4                                         {product} {ergonomic}
     uint ConcGCThreads                            = 3                                         {product} {ergonomic}
     uint G1ConcRefinementThreads                  = 10                                        {product} {ergonomic}
   size_t G1HeapRegionSize                         = 1048576                                   {product} {ergonomic}
    uintx GCDrainStackTargetSize                   = 64                                        {product} {ergonomic}
   size_t InitialHeapSize                          = 125829120                                 {product} {ergonomic}
   size_t MarkStackSize                            = 4194304                                   {product} {ergonomic}
   size_t MaxHeapSize                              = 1992294400                                {product} {ergonomic}
   size_t MaxNewSize                               = 1195376640                                {product} {ergonomic}
   size_t MinHeapDeltaBytes                        = 1048576                                   {product} {ergonomic}
   size_t MinHeapSize                              = 8388608                                   {product} {ergonomic}
    uintx NonNMethodCodeHeapSize                   = 5839372                                {pd product} {ergonomic}
    uintx NonProfiledCodeHeapSize                  = 122909434                              {pd product} {ergonomic}
    uintx ProfiledCodeHeapSize                     = 122909434                              {pd product} {ergonomic}
    uintx ReservedCodeCacheSize                    = 251658240                              {pd product} {ergonomic}
     bool SegmentedCodeCache                       = true                                      {product} {ergonomic}
   size_t SoftMaxHeapSize                          = 1992294400                             {manageable} {ergonomic}
     bool UseCompressedOops                        = true                           {product lp64_product} {ergonomic}
     bool UseG1GC                                  = true                                      {product} {ergonomic}
     bool UseLargePagesIndividualAllocation        = false                                  {pd product} {ergonomic}

Logging:
Log output configuration:
 #0: stdout all=warning uptime,level,tags foldmultilines=false
 #1: stderr all=off uptime,level,tags foldmultilines=false

Environment Variables:
JAVA_HOME=C:\Users\10124\Downloads\jdk-21.0.2
PATH=C:\Program Files\Python311\Scripts\;C:\Program Files\Python311\;C:\Program Files\Microsoft MPI\Bin\;C:\Program Files (x86)\VMware\VMware Workstation\bin\;C:\Program Files\Common Files\Oracle\Java\javapath;C:\Windows\system32;C:\Windows;C:\Windows\System32\Wbem;C:\Windows\System32\WindowsPowerShell\v1.0\;C:\Windows\System32\OpenSSH\;C:\Program Files (x86)\NVIDIA Corporation\PhysX\Common;C:\Program Files\Java\jdk-19\bin;C:\mingw32\bin;C:\Program Files\Azure Data Studio\bin;C:\Program Files\Microsoft SQL Server\Client SDK\ODBC\170\Tools\Binn\;C:\Program Files\Git\cmd;C:\WINDOWS\system32;C:\WINDOWS;C:\WINDOWS\System32\Wbem;C:\WINDOWS\System32\WindowsPowerShell\v1.0\;C:\WINDOWS\System32\OpenSSH\;C:\xampp\php;C:\Program Files\dotnet\;C:\ProgramData\chocolatey\bin;C:\Program Files (x86)\Microsoft SQL Server\160\Tools\Binn\;C:\Program Files\Microsoft SQL Server\160\Tools\Binn\;C:\Program Files\Microsoft SQL Server\160\DTS\Binn\;C:\Program Files (x86)\Microsoft SQL Server\150\DTS\Binn\;C:\Users\10124\AppData\Local\Microsoft\WindowsApps;C:\Program Files\JetBrains\IntelliJ IDEA Community Edition 2022.2.3\bin;;C:\Users\10124\AppData\Local\Programs\Microsoft VS Code\bin;C:\Program Files\Azure Data Studio\bin;C:\MinGW\bin;C:\Users\10124\AppData\Local\GitHubDesktop\bin;C:\xampp\php;C:\Users\10124\.dotnet\tools;C:\Program Files\Python311\Scripts;
USERNAME=Thanh Tran
OS=Windows_NT
PROCESSOR_IDENTIFIER=AMD64 Family 23 Model 96 Stepping 1, AuthenticAMD
TMP=C:\Users\10124\AppData\Local\Temp
TEMP=C:\Users\10124\AppData\Local\Temp




Periodic native trim disabled

---------------  S Y S T E M  ---------------

OS:
 Windows 11 , 64 bit Build 22621 (10.0.22621.3235)
OS uptime: 0 days 6:27 hours

CPU: total 12 (initial active 12) (12 cores per cpu, 2 threads per core) family 23 model 96 stepping 1 microcode 0x0, cx8, cmov, fxsr, ht, mmx, 3dnowpref, sse, sse2, sse3, ssse3, sse4a, sse4.1, sse4.2, popcnt, lzcnt, tsc, tscinvbit, avx, avx2, aes, clmul, bmi1, bmi2, adx, sha, fma, vzeroupper, clflush, clflushopt, rdtscp, rdpid, f16c
Processor Information for all 12 processors :
  Max Mhz: 3001, Current Mhz: 3001, Mhz Limit: 3001

Memory: 4k page, system-wide physical 7597M (653M free)
TotalPageFile size 31149M (AvailPageFile size 0M)
current process WorkingSet (physical memory assigned to process): 27M, peak: 27M
current process commit charge ("private bytes"): 196M, peak: 196M

vm_info: Java HotSpot(TM) 64-Bit Server VM (21.0.2+13-LTS-58) for windows-amd64 JRE (21.0.2+13-LTS-58), built on 2024-01-05T18:32:24Z by "mach5one" with MS VC++ 17.1 (VS2022)

END.
