#
# There is insufficient memory for the Java Runtime Environment to continue.
# Native memory allocation (malloc) failed to allocate 729888 bytes for Chunk::new
# Possible reasons:
#   The system is out of physical RAM or swap space
#   The process is running with CompressedOops enabled, and the Java Heap may be blocking the growth of the native heap
# Possible solutions:
#   Reduce memory load on the system
#   Increase physical memory or swap space
#   Check if swap backing store is full
#   Decrease Java heap size (-Xmx/-Xms)
#   Decrease number of Java threads
#   Decrease Java thread stack sizes (-Xss)
#   Set larger code cache with -XX:ReservedCodeCacheSize=
#   JVM is running with Unscaled Compressed Oops mode in which the Java heap is
#     placed in the first 4GB address space. The Java Heap base address is the
#     maximum limit for the native heap growth. Please use -XX:HeapBaseMinAddress
#     to set the Java Heap base and to place the Java Heap above 4GB virtual address.
# This output file may be truncated or incomplete.
#
#  Out of Memory Error (arena.cpp:168), pid=4940, tid=9340
#
# JRE version: Java(TM) SE Runtime Environment (21.0.2+13) (build 21.0.2+13-LTS-58)
# Java VM: Java HotSpot(TM) 64-Bit Server VM (21.0.2+13-LTS-58, mixed mode, sharing, tiered, compressed oops, compressed class ptrs, g1 gc, windows-amd64)
# No core dump will be written. Minidumps are not enabled by default on client versions of Windows
#

---------------  S U M M A R Y ------------

Command Line: -Dclassworlds.conf=C:\Program Files\NetBeans-21\netbeans\java\maven\bin\m2.conf -Dmaven.home=C:\Program Files\NetBeans-21\netbeans\java\maven -Dlibrary.jansi.path=C:\Program Files\NetBeans-21\netbeans\java\maven\lib\jansi-native -Dmaven.multiModuleProjectDirectory=C:\Users\10124\OneDrive\Documents\GitHub\project-2-mhpl org.codehaus.plexus.classworlds.launcher.Launcher -Dexec.vmArgs= -Dexec.args=${exec.vmArgs} -classpath %classpath ${exec.mainClass} ${exec.appArgs} -Dexec.executable=C:\Users\10124\Downloads\jdk-21.0.2\bin\java.exe -Dexec.mainClass=Main -Dexec.classpathScope=runtime -Dexec.appArgs= -Dmaven.ext.class.path=C:\Program Files\NetBeans-21\netbeans\java\maven-nblib\netbeans-eventspy.jar --no-transfer-progress process-classes org.codehaus.mojo:exec-maven-plugin:3.1.0:exec

Host: AMD Ryzen 5 4600H with Radeon Graphics         , 12 cores, 7G,  Windows 11 , 64 bit Build 22621 (10.0.22621.3235)
Time: Mon Apr  1 22:49:42 2024 SE Asia Standard Time elapsed time: 0.565842 seconds (0d 0h 0m 0s)

---------------  T H R E A D  ---------------

Current thread (0x0000019c7ecb59a0):  JavaThread "C2 CompilerThread2" daemon [_thread_in_native, id=9340, stack(0x0000005567b00000,0x0000005567c00000) (1024K)]


Current CompileTask:
C2:    565 1080       4       java.io.InputStreamReader::read (11 bytes)

Stack: [0x0000005567b00000,0x0000005567c00000]
Native frames: (J=compiled Java code, j=interpreted, Vv=VM code, C=native code)
V  [jvm.dll+0x6cade9]
V  [jvm.dll+0x8569c1]
V  [jvm.dll+0x858d2e]
V  [jvm.dll+0x859413]
V  [jvm.dll+0x280e56]
V  [jvm.dll+0xc3f3d]
V  [jvm.dll+0xc4473]
V  [jvm.dll+0x3b5c2c]
V  [jvm.dll+0x382855]
V  [jvm.dll+0x381cca]
V  [jvm.dll+0x249bd0]
V  [jvm.dll+0x2491b1]
V  [jvm.dll+0x1c9634]
V  [jvm.dll+0x258859]
V  [jvm.dll+0x256e3a]
V  [jvm.dll+0x3ef6c6]
V  [jvm.dll+0x7ff568]
V  [jvm.dll+0x6c953d]
C  [ucrtbase.dll+0x29363]
C  [KERNEL32.DLL+0x1257d]
C  [ntdll.dll+0x5aa58]


---------------  P R O C E S S  ---------------

Threads class SMR info:
_java_thread_list=0x0000019c7efb8f90, length=13, elements={
0x0000019c707d1840, 0x0000019c7e32a780, 0x0000019c7e32af50, 0x0000019c7e32df70,
0x0000019c7e32e840, 0x0000019c7e334410, 0x0000019c7e336df0, 0x0000019c7e33b2a0,
0x0000019c7e33bd60, 0x0000019c7e5e5ac0, 0x0000019c7e5f8c20, 0x0000019c7ead5b80,
0x0000019c7ecb59a0
}

Java Threads: ( => current thread )
  0x0000019c707d1840 JavaThread "main"                              [_thread_in_Java, id=14932, stack(0x0000005566800000,0x0000005566900000) (1024K)]
  0x0000019c7e32a780 JavaThread "Reference Handler"          daemon [_thread_blocked, id=4028, stack(0x0000005567000000,0x0000005567100000) (1024K)]
  0x0000019c7e32af50 JavaThread "Finalizer"                  daemon [_thread_blocked, id=19688, stack(0x0000005567100000,0x0000005567200000) (1024K)]
  0x0000019c7e32df70 JavaThread "Signal Dispatcher"          daemon [_thread_blocked, id=6088, stack(0x0000005567200000,0x0000005567300000) (1024K)]
  0x0000019c7e32e840 JavaThread "Attach Listener"            daemon [_thread_blocked, id=6888, stack(0x0000005567300000,0x0000005567400000) (1024K)]
  0x0000019c7e334410 JavaThread "Service Thread"             daemon [_thread_blocked, id=13620, stack(0x0000005567400000,0x0000005567500000) (1024K)]
  0x0000019c7e336df0 JavaThread "Monitor Deflation Thread"   daemon [_thread_blocked, id=15264, stack(0x0000005567500000,0x0000005567600000) (1024K)]
  0x0000019c7e33b2a0 JavaThread "C2 CompilerThread0"         daemon [_thread_in_native, id=14700, stack(0x0000005567600000,0x0000005567700000) (1024K)]
  0x0000019c7e33bd60 JavaThread "C1 CompilerThread0"         daemon [_thread_blocked, id=20464, stack(0x0000005567700000,0x0000005567800000) (1024K)]
  0x0000019c7e5e5ac0 JavaThread "Notification Thread"        daemon [_thread_blocked, id=20404, stack(0x0000005567800000,0x0000005567900000) (1024K)]
  0x0000019c7e5f8c20 JavaThread "Common-Cleaner"             daemon [_thread_blocked, id=7984, stack(0x0000005567900000,0x0000005567a00000) (1024K)]
  0x0000019c7ead5b80 JavaThread "C2 CompilerThread1"         daemon [_thread_in_native, id=2528, stack(0x0000005567a00000,0x0000005567b00000) (1024K)]
=>0x0000019c7ecb59a0 JavaThread "C2 CompilerThread2"         daemon [_thread_in_native, id=9340, stack(0x0000005567b00000,0x0000005567c00000) (1024K)]
Total: 13

Other Threads:
  0x0000019c7e30a540 VMThread "VM Thread"                           [id=19680, stack(0x0000005566f00000,0x0000005567000000) (1024K)]
  0x0000019c7e2f1120 WatcherThread "VM Periodic Task Thread"        [id=19648, stack(0x0000005566e00000,0x0000005566f00000) (1024K)]
  0x0000019c7081f1f0 WorkerThread "GC Thread#0"                     [id=17200, stack(0x0000005566900000,0x0000005566a00000) (1024K)]
  0x0000019c54a698d0 WorkerThread "GC Thread#1"                     [id=13824, stack(0x0000005567c00000,0x0000005567d00000) (1024K)]
  0x0000019c7f079a00 WorkerThread "GC Thread#2"                     [id=8776, stack(0x0000005567d00000,0x0000005567e00000) (1024K)]
  0x0000019c7f079da0 WorkerThread "GC Thread#3"                     [id=14108, stack(0x0000005567e00000,0x0000005567f00000) (1024K)]
  0x0000019c7f07a140 WorkerThread "GC Thread#4"                     [id=8504, stack(0x0000005567f00000,0x0000005568000000) (1024K)]
  0x0000019c7f07c4f0 WorkerThread "GC Thread#5"                     [id=1392, stack(0x0000005568000000,0x0000005568100000) (1024K)]
  0x0000019c7f07c890 WorkerThread "GC Thread#6"                     [id=5664, stack(0x0000005568100000,0x0000005568200000) (1024K)]
  0x0000019c7f07cc30 WorkerThread "GC Thread#7"                     [id=11800, stack(0x0000005568200000,0x0000005568300000) (1024K)]
  0x0000019c7f07d3e0 WorkerThread "GC Thread#8"                     [id=19056, stack(0x0000005568300000,0x0000005568400000) (1024K)]
  0x0000019c7082ee60 ConcurrentGCThread "G1 Main Marker"            [id=17776, stack(0x0000005566a00000,0x0000005566b00000) (1024K)]
  0x0000019c7082fa20 WorkerThread "G1 Conc#0"                       [id=6252, stack(0x0000005566b00000,0x0000005566c00000) (1024K)]
  0x0000019c7e1c5260 ConcurrentGCThread "G1 Refine#0"               [id=11088, stack(0x0000005566c00000,0x0000005566d00000) (1024K)]
  0x0000019c7e1c58f0 ConcurrentGCThread "G1 Service"                [id=17872, stack(0x0000005566d00000,0x0000005566e00000) (1024K)]
Total: 15

Threads with active compile tasks:
C2 CompilerThread0      584 1075   !   4       sun.nio.cs.StreamDecoder::read (78 bytes)
C2 CompilerThread1      584 1076       4       sun.nio.cs.StreamDecoder::lockedRead (189 bytes)
C2 CompilerThread2      584 1080       4       java.io.InputStreamReader::read (11 bytes)
Total: 3

VM state: not at safepoint (normal execution)

VM Mutex/Monitor currently owned by a thread: None

Heap address: 0x0000000089400000, size: 1900 MB, Compressed Oops mode: 32-bit

CDS archive(s) mapped at: [0x0000019c0f000000-0x0000019c0fc90000-0x0000019c0fc90000), size 13172736, SharedBaseAddress: 0x0000019c0f000000, ArchiveRelocationMode: 1.
Compressed class space mapped at: 0x0000019c10000000-0x0000019c50000000, reserved size: 1073741824
Narrow klass base: 0x0000019c0f000000, Narrow klass shift: 0, Narrow klass range: 0x100000000

GC Precious Log:
 CardTable entry size: 512
 Card Set container configuration: InlinePtr #cards 5 size 8 Array Of Cards #cards 12 size 40 Howl #buckets 4 coarsen threshold 1843 Howl Bitmap #cards 512 size 80 coarsen threshold 460 Card regions per heap region 1 cards per card region 2048
 CPUs: 12 total, 12 available
 Memory: 7597M
 Large Page Support: Disabled
 NUMA Support: Disabled
 Compressed Oops: Enabled (32-bit)
 Heap Region Size: 1M
 Heap Min Capacity: 8M
 Heap Initial Capacity: 120M
 Heap Max Capacity: 1900M
 Pre-touch: Disabled
 Parallel Workers: 10
 Concurrent Workers: 3
 Concurrent Refinement Workers: 10
 Periodic GC: Disabled

Heap:
 garbage-first heap   total 122880K, used 4927K [0x0000000089400000, 0x0000000100000000)
  region size 1024K, 5 young (5120K), 3 survivors (3072K)
 Metaspace       used 5849K, committed 6016K, reserved 1114112K
  class space    used 673K, committed 768K, reserved 1048576K

Heap Regions: E=young(eden), S=young(survivor), O=old, HS=humongous(starts), HC=humongous(continues), CS=collection set, F=free, TAMS=top-at-mark-start, PB=parsable bottom
|   0|0x0000000089400000, 0x00000000894cffd8, 0x0000000089500000| 81%| O|  |TAMS 0x0000000089400000| PB 0x0000000089400000| Untracked 
|   1|0x0000000089500000, 0x0000000089500000, 0x0000000089600000|  0%| F|  |TAMS 0x0000000089500000| PB 0x0000000089500000| Untracked 
|   2|0x0000000089600000, 0x0000000089600000, 0x0000000089700000|  0%| F|  |TAMS 0x0000000089600000| PB 0x0000000089600000| Untracked 
|   3|0x0000000089700000, 0x0000000089700000, 0x0000000089800000|  0%| F|  |TAMS 0x0000000089700000| PB 0x0000000089700000| Untracked 
|   4|0x0000000089800000, 0x0000000089800000, 0x0000000089900000|  0%| F|  |TAMS 0x0000000089800000| PB 0x0000000089800000| Untracked 
|   5|0x0000000089900000, 0x0000000089900000, 0x0000000089a00000|  0%| F|  |TAMS 0x0000000089900000| PB 0x0000000089900000| Untracked 
|   6|0x0000000089a00000, 0x0000000089a00000, 0x0000000089b00000|  0%| F|  |TAMS 0x0000000089a00000| PB 0x0000000089a00000| Untracked 
|   7|0x0000000089b00000, 0x0000000089b00000, 0x0000000089c00000|  0%| F|  |TAMS 0x0000000089b00000| PB 0x0000000089b00000| Untracked 
|   8|0x0000000089c00000, 0x0000000089c00000, 0x0000000089d00000|  0%| F|  |TAMS 0x0000000089c00000| PB 0x0000000089c00000| Untracked 
|   9|0x0000000089d00000, 0x0000000089d00000, 0x0000000089e00000|  0%| F|  |TAMS 0x0000000089d00000| PB 0x0000000089d00000| Untracked 
|  10|0x0000000089e00000, 0x0000000089e00000, 0x0000000089f00000|  0%| F|  |TAMS 0x0000000089e00000| PB 0x0000000089e00000| Untracked 
|  11|0x0000000089f00000, 0x0000000089f00000, 0x000000008a000000|  0%| F|  |TAMS 0x0000000089f00000| PB 0x0000000089f00000| Untracked 
|  12|0x000000008a000000, 0x000000008a000000, 0x000000008a100000|  0%| F|  |TAMS 0x000000008a000000| PB 0x000000008a000000| Untracked 
|  13|0x000000008a100000, 0x000000008a100000, 0x000000008a200000|  0%| F|  |TAMS 0x000000008a100000| PB 0x000000008a100000| Untracked 
|  14|0x000000008a200000, 0x000000008a200000, 0x000000008a300000|  0%| F|  |TAMS 0x000000008a200000| PB 0x000000008a200000| Untracked 
|  15|0x000000008a300000, 0x000000008a300000, 0x000000008a400000|  0%| F|  |TAMS 0x000000008a300000| PB 0x000000008a300000| Untracked 
|  16|0x000000008a400000, 0x000000008a400000, 0x000000008a500000|  0%| F|  |TAMS 0x000000008a400000| PB 0x000000008a400000| Untracked 
|  17|0x000000008a500000, 0x000000008a500000, 0x000000008a600000|  0%| F|  |TAMS 0x000000008a500000| PB 0x000000008a500000| Untracked 
|  18|0x000000008a600000, 0x000000008a600000, 0x000000008a700000|  0%| F|  |TAMS 0x000000008a600000| PB 0x000000008a600000| Untracked 
|  19|0x000000008a700000, 0x000000008a700000, 0x000000008a800000|  0%| F|  |TAMS 0x000000008a700000| PB 0x000000008a700000| Untracked 
|  20|0x000000008a800000, 0x000000008a800000, 0x000000008a900000|  0%| F|  |TAMS 0x000000008a800000| PB 0x000000008a800000| Untracked 
|  21|0x000000008a900000, 0x000000008a900000, 0x000000008aa00000|  0%| F|  |TAMS 0x000000008a900000| PB 0x000000008a900000| Untracked 
|  22|0x000000008aa00000, 0x000000008aa00000, 0x000000008ab00000|  0%| F|  |TAMS 0x000000008aa00000| PB 0x000000008aa00000| Untracked 
|  23|0x000000008ab00000, 0x000000008ab00000, 0x000000008ac00000|  0%| F|  |TAMS 0x000000008ab00000| PB 0x000000008ab00000| Untracked 
|  24|0x000000008ac00000, 0x000000008ac00000, 0x000000008ad00000|  0%| F|  |TAMS 0x000000008ac00000| PB 0x000000008ac00000| Untracked 
|  25|0x000000008ad00000, 0x000000008ad00000, 0x000000008ae00000|  0%| F|  |TAMS 0x000000008ad00000| PB 0x000000008ad00000| Untracked 
|  26|0x000000008ae00000, 0x000000008ae00000, 0x000000008af00000|  0%| F|  |TAMS 0x000000008ae00000| PB 0x000000008ae00000| Untracked 
|  27|0x000000008af00000, 0x000000008af00000, 0x000000008b000000|  0%| F|  |TAMS 0x000000008af00000| PB 0x000000008af00000| Untracked 
|  28|0x000000008b000000, 0x000000008b000000, 0x000000008b100000|  0%| F|  |TAMS 0x000000008b000000| PB 0x000000008b000000| Untracked 
|  29|0x000000008b100000, 0x000000008b100000, 0x000000008b200000|  0%| F|  |TAMS 0x000000008b100000| PB 0x000000008b100000| Untracked 
|  30|0x000000008b200000, 0x000000008b200000, 0x000000008b300000|  0%| F|  |TAMS 0x000000008b200000| PB 0x000000008b200000| Untracked 
|  31|0x000000008b300000, 0x000000008b300000, 0x000000008b400000|  0%| F|  |TAMS 0x000000008b300000| PB 0x000000008b300000| Untracked 
|  32|0x000000008b400000, 0x000000008b400000, 0x000000008b500000|  0%| F|  |TAMS 0x000000008b400000| PB 0x000000008b400000| Untracked 
|  33|0x000000008b500000, 0x000000008b500000, 0x000000008b600000|  0%| F|  |TAMS 0x000000008b500000| PB 0x000000008b500000| Untracked 
|  34|0x000000008b600000, 0x000000008b600000, 0x000000008b700000|  0%| F|  |TAMS 0x000000008b600000| PB 0x000000008b600000| Untracked 
|  35|0x000000008b700000, 0x000000008b700000, 0x000000008b800000|  0%| F|  |TAMS 0x000000008b700000| PB 0x000000008b700000| Untracked 
|  36|0x000000008b800000, 0x000000008b800000, 0x000000008b900000|  0%| F|  |TAMS 0x000000008b800000| PB 0x000000008b800000| Untracked 
|  37|0x000000008b900000, 0x000000008b900000, 0x000000008ba00000|  0%| F|  |TAMS 0x000000008b900000| PB 0x000000008b900000| Untracked 
|  38|0x000000008ba00000, 0x000000008ba00000, 0x000000008bb00000|  0%| F|  |TAMS 0x000000008ba00000| PB 0x000000008ba00000| Untracked 
|  39|0x000000008bb00000, 0x000000008bb00000, 0x000000008bc00000|  0%| F|  |TAMS 0x000000008bb00000| PB 0x000000008bb00000| Untracked 
|  40|0x000000008bc00000, 0x000000008bc00000, 0x000000008bd00000|  0%| F|  |TAMS 0x000000008bc00000| PB 0x000000008bc00000| Untracked 
|  41|0x000000008bd00000, 0x000000008bd00000, 0x000000008be00000|  0%| F|  |TAMS 0x000000008bd00000| PB 0x000000008bd00000| Untracked 
|  42|0x000000008be00000, 0x000000008be00000, 0x000000008bf00000|  0%| F|  |TAMS 0x000000008be00000| PB 0x000000008be00000| Untracked 
|  43|0x000000008bf00000, 0x000000008bf00000, 0x000000008c000000|  0%| F|  |TAMS 0x000000008bf00000| PB 0x000000008bf00000| Untracked 
|  44|0x000000008c000000, 0x000000008c000000, 0x000000008c100000|  0%| F|  |TAMS 0x000000008c000000| PB 0x000000008c000000| Untracked 
|  45|0x000000008c100000, 0x000000008c100000, 0x000000008c200000|  0%| F|  |TAMS 0x000000008c100000| PB 0x000000008c100000| Untracked 
|  46|0x000000008c200000, 0x000000008c200000, 0x000000008c300000|  0%| F|  |TAMS 0x000000008c200000| PB 0x000000008c200000| Untracked 
|  47|0x000000008c300000, 0x000000008c300000, 0x000000008c400000|  0%| F|  |TAMS 0x000000008c300000| PB 0x000000008c300000| Untracked 
|  48|0x000000008c400000, 0x000000008c400000, 0x000000008c500000|  0%| F|  |TAMS 0x000000008c400000| PB 0x000000008c400000| Untracked 
|  49|0x000000008c500000, 0x000000008c500000, 0x000000008c600000|  0%| F|  |TAMS 0x000000008c500000| PB 0x000000008c500000| Untracked 
|  50|0x000000008c600000, 0x000000008c600000, 0x000000008c700000|  0%| F|  |TAMS 0x000000008c600000| PB 0x000000008c600000| Untracked 
|  51|0x000000008c700000, 0x000000008c700000, 0x000000008c800000|  0%| F|  |TAMS 0x000000008c700000| PB 0x000000008c700000| Untracked 
|  52|0x000000008c800000, 0x000000008c800000, 0x000000008c900000|  0%| F|  |TAMS 0x000000008c800000| PB 0x000000008c800000| Untracked 
|  53|0x000000008c900000, 0x000000008c900000, 0x000000008ca00000|  0%| F|  |TAMS 0x000000008c900000| PB 0x000000008c900000| Untracked 
|  54|0x000000008ca00000, 0x000000008ca00000, 0x000000008cb00000|  0%| F|  |TAMS 0x000000008ca00000| PB 0x000000008ca00000| Untracked 
|  55|0x000000008cb00000, 0x000000008cb00000, 0x000000008cc00000|  0%| F|  |TAMS 0x000000008cb00000| PB 0x000000008cb00000| Untracked 
|  56|0x000000008cc00000, 0x000000008cc00000, 0x000000008cd00000|  0%| F|  |TAMS 0x000000008cc00000| PB 0x000000008cc00000| Untracked 
|  57|0x000000008cd00000, 0x000000008cd00000, 0x000000008ce00000|  0%| F|  |TAMS 0x000000008cd00000| PB 0x000000008cd00000| Untracked 
|  58|0x000000008ce00000, 0x000000008ce00000, 0x000000008cf00000|  0%| F|  |TAMS 0x000000008ce00000| PB 0x000000008ce00000| Untracked 
|  59|0x000000008cf00000, 0x000000008cf00000, 0x000000008d000000|  0%| F|  |TAMS 0x000000008cf00000| PB 0x000000008cf00000| Untracked 
|  60|0x000000008d000000, 0x000000008d000000, 0x000000008d100000|  0%| F|  |TAMS 0x000000008d000000| PB 0x000000008d000000| Untracked 
|  61|0x000000008d100000, 0x000000008d100000, 0x000000008d200000|  0%| F|  |TAMS 0x000000008d100000| PB 0x000000008d100000| Untracked 
|  62|0x000000008d200000, 0x000000008d200000, 0x000000008d300000|  0%| F|  |TAMS 0x000000008d200000| PB 0x000000008d200000| Untracked 
|  63|0x000000008d300000, 0x000000008d300000, 0x000000008d400000|  0%| F|  |TAMS 0x000000008d300000| PB 0x000000008d300000| Untracked 
|  64|0x000000008d400000, 0x000000008d400000, 0x000000008d500000|  0%| F|  |TAMS 0x000000008d400000| PB 0x000000008d400000| Untracked 
|  65|0x000000008d500000, 0x000000008d500000, 0x000000008d600000|  0%| F|  |TAMS 0x000000008d500000| PB 0x000000008d500000| Untracked 
|  66|0x000000008d600000, 0x000000008d600000, 0x000000008d700000|  0%| F|  |TAMS 0x000000008d600000| PB 0x000000008d600000| Untracked 
|  67|0x000000008d700000, 0x000000008d700000, 0x000000008d800000|  0%| F|  |TAMS 0x000000008d700000| PB 0x000000008d700000| Untracked 
|  68|0x000000008d800000, 0x000000008d800000, 0x000000008d900000|  0%| F|  |TAMS 0x000000008d800000| PB 0x000000008d800000| Untracked 
|  69|0x000000008d900000, 0x000000008d900000, 0x000000008da00000|  0%| F|  |TAMS 0x000000008d900000| PB 0x000000008d900000| Untracked 
|  70|0x000000008da00000, 0x000000008da00000, 0x000000008db00000|  0%| F|  |TAMS 0x000000008da00000| PB 0x000000008da00000| Untracked 
|  71|0x000000008db00000, 0x000000008db00000, 0x000000008dc00000|  0%| F|  |TAMS 0x000000008db00000| PB 0x000000008db00000| Untracked 
|  72|0x000000008dc00000, 0x000000008dc00000, 0x000000008dd00000|  0%| F|  |TAMS 0x000000008dc00000| PB 0x000000008dc00000| Untracked 
|  73|0x000000008dd00000, 0x000000008dd00000, 0x000000008de00000|  0%| F|  |TAMS 0x000000008dd00000| PB 0x000000008dd00000| Untracked 
|  74|0x000000008de00000, 0x000000008de00000, 0x000000008df00000|  0%| F|  |TAMS 0x000000008de00000| PB 0x000000008de00000| Untracked 
|  75|0x000000008df00000, 0x000000008df00000, 0x000000008e000000|  0%| F|  |TAMS 0x000000008df00000| PB 0x000000008df00000| Untracked 
|  76|0x000000008e000000, 0x000000008e000000, 0x000000008e100000|  0%| F|  |TAMS 0x000000008e000000| PB 0x000000008e000000| Untracked 
|  77|0x000000008e100000, 0x000000008e100000, 0x000000008e200000|  0%| F|  |TAMS 0x000000008e100000| PB 0x000000008e100000| Untracked 
|  78|0x000000008e200000, 0x000000008e200000, 0x000000008e300000|  0%| F|  |TAMS 0x000000008e200000| PB 0x000000008e200000| Untracked 
|  79|0x000000008e300000, 0x000000008e300000, 0x000000008e400000|  0%| F|  |TAMS 0x000000008e300000| PB 0x000000008e300000| Untracked 
|  80|0x000000008e400000, 0x000000008e400000, 0x000000008e500000|  0%| F|  |TAMS 0x000000008e400000| PB 0x000000008e400000| Untracked 
|  81|0x000000008e500000, 0x000000008e500000, 0x000000008e600000|  0%| F|  |TAMS 0x000000008e500000| PB 0x000000008e500000| Untracked 
|  82|0x000000008e600000, 0x000000008e600000, 0x000000008e700000|  0%| F|  |TAMS 0x000000008e600000| PB 0x000000008e600000| Untracked 
|  83|0x000000008e700000, 0x000000008e700000, 0x000000008e800000|  0%| F|  |TAMS 0x000000008e700000| PB 0x000000008e700000| Untracked 
|  84|0x000000008e800000, 0x000000008e800000, 0x000000008e900000|  0%| F|  |TAMS 0x000000008e800000| PB 0x000000008e800000| Untracked 
|  85|0x000000008e900000, 0x000000008e900000, 0x000000008ea00000|  0%| F|  |TAMS 0x000000008e900000| PB 0x000000008e900000| Untracked 
|  86|0x000000008ea00000, 0x000000008ea00000, 0x000000008eb00000|  0%| F|  |TAMS 0x000000008ea00000| PB 0x000000008ea00000| Untracked 
|  87|0x000000008eb00000, 0x000000008eb00000, 0x000000008ec00000|  0%| F|  |TAMS 0x000000008eb00000| PB 0x000000008eb00000| Untracked 
|  88|0x000000008ec00000, 0x000000008ec00000, 0x000000008ed00000|  0%| F|  |TAMS 0x000000008ec00000| PB 0x000000008ec00000| Untracked 
|  89|0x000000008ed00000, 0x000000008ed00000, 0x000000008ee00000|  0%| F|  |TAMS 0x000000008ed00000| PB 0x000000008ed00000| Untracked 
|  90|0x000000008ee00000, 0x000000008ee00000, 0x000000008ef00000|  0%| F|  |TAMS 0x000000008ee00000| PB 0x000000008ee00000| Untracked 
|  91|0x000000008ef00000, 0x000000008ef00000, 0x000000008f000000|  0%| F|  |TAMS 0x000000008ef00000| PB 0x000000008ef00000| Untracked 
|  92|0x000000008f000000, 0x000000008f000000, 0x000000008f100000|  0%| F|  |TAMS 0x000000008f000000| PB 0x000000008f000000| Untracked 
|  93|0x000000008f100000, 0x000000008f100000, 0x000000008f200000|  0%| F|  |TAMS 0x000000008f100000| PB 0x000000008f100000| Untracked 
|  94|0x000000008f200000, 0x000000008f300000, 0x000000008f300000|100%| S|CS|TAMS 0x000000008f200000| PB 0x000000008f200000| Complete 
|  95|0x000000008f300000, 0x000000008f400000, 0x000000008f400000|100%| S|CS|TAMS 0x000000008f300000| PB 0x000000008f300000| Complete 
|  96|0x000000008f400000, 0x000000008f500000, 0x000000008f500000|100%| S|CS|TAMS 0x000000008f400000| PB 0x000000008f400000| Complete 
|  97|0x000000008f500000, 0x000000008f500000, 0x000000008f600000|  0%| F|  |TAMS 0x000000008f500000| PB 0x000000008f500000| Untracked 
|  98|0x000000008f600000, 0x000000008f600000, 0x000000008f700000|  0%| F|  |TAMS 0x000000008f600000| PB 0x000000008f600000| Untracked 
|  99|0x000000008f700000, 0x000000008f700000, 0x000000008f800000|  0%| F|  |TAMS 0x000000008f700000| PB 0x000000008f700000| Untracked 
| 100|0x000000008f800000, 0x000000008f800000, 0x000000008f900000|  0%| F|  |TAMS 0x000000008f800000| PB 0x000000008f800000| Untracked 
| 101|0x000000008f900000, 0x000000008f900000, 0x000000008fa00000|  0%| F|  |TAMS 0x000000008f900000| PB 0x000000008f900000| Untracked 
| 102|0x000000008fa00000, 0x000000008fa00000, 0x000000008fb00000|  0%| F|  |TAMS 0x000000008fa00000| PB 0x000000008fa00000| Untracked 
| 103|0x000000008fb00000, 0x000000008fb00000, 0x000000008fc00000|  0%| F|  |TAMS 0x000000008fb00000| PB 0x000000008fb00000| Untracked 
| 104|0x000000008fc00000, 0x000000008fc00000, 0x000000008fd00000|  0%| F|  |TAMS 0x000000008fc00000| PB 0x000000008fc00000| Untracked 
| 105|0x000000008fd00000, 0x000000008fd00000, 0x000000008fe00000|  0%| F|  |TAMS 0x000000008fd00000| PB 0x000000008fd00000| Untracked 
| 106|0x000000008fe00000, 0x000000008fe00000, 0x000000008ff00000|  0%| F|  |TAMS 0x000000008fe00000| PB 0x000000008fe00000| Untracked 
| 107|0x000000008ff00000, 0x000000008ff00000, 0x0000000090000000|  0%| F|  |TAMS 0x000000008ff00000| PB 0x000000008ff00000| Untracked 
| 108|0x0000000090000000, 0x0000000090000000, 0x0000000090100000|  0%| F|  |TAMS 0x0000000090000000| PB 0x0000000090000000| Untracked 
| 109|0x0000000090100000, 0x0000000090100000, 0x0000000090200000|  0%| F|  |TAMS 0x0000000090100000| PB 0x0000000090100000| Untracked 
| 110|0x0000000090200000, 0x0000000090200000, 0x0000000090300000|  0%| F|  |TAMS 0x0000000090200000| PB 0x0000000090200000| Untracked 
| 111|0x0000000090300000, 0x0000000090300000, 0x0000000090400000|  0%| F|  |TAMS 0x0000000090300000| PB 0x0000000090300000| Untracked 
| 112|0x0000000090400000, 0x0000000090400000, 0x0000000090500000|  0%| F|  |TAMS 0x0000000090400000| PB 0x0000000090400000| Untracked 
| 113|0x0000000090500000, 0x0000000090500000, 0x0000000090600000|  0%| F|  |TAMS 0x0000000090500000| PB 0x0000000090500000| Untracked 
| 114|0x0000000090600000, 0x0000000090600000, 0x0000000090700000|  0%| F|  |TAMS 0x0000000090600000| PB 0x0000000090600000| Untracked 
| 115|0x0000000090700000, 0x0000000090700000, 0x0000000090800000|  0%| F|  |TAMS 0x0000000090700000| PB 0x0000000090700000| Untracked 
| 116|0x0000000090800000, 0x0000000090800000, 0x0000000090900000|  0%| F|  |TAMS 0x0000000090800000| PB 0x0000000090800000| Untracked 
| 117|0x0000000090900000, 0x0000000090900000, 0x0000000090a00000|  0%| F|  |TAMS 0x0000000090900000| PB 0x0000000090900000| Untracked 
| 118|0x0000000090a00000, 0x0000000090ac6570, 0x0000000090b00000| 77%| E|  |TAMS 0x0000000090a00000| PB 0x0000000090a00000| Complete 
| 119|0x0000000090b00000, 0x0000000090c00000, 0x0000000090c00000|100%| E|CS|TAMS 0x0000000090b00000| PB 0x0000000090b00000| Complete 

Card table byte_map: [0x0000019c79550000,0x0000019c79910000] _byte_map_base: 0x0000019c79106000

Marking Bits: (CMBitMap*) 0x0000019c7081f800
 Bits: [0x0000019c79910000, 0x0000019c7b6c0000)

Polling page: 0x0000019c6ff90000

Metaspace:

Usage:
  Non-class:      5.08 MB used.
      Class:    677.37 KB used.
       Both:      5.74 MB used.

Virtual space:
  Non-class space:       64.00 MB reserved,       5.12 MB (  8%) committed,  1 nodes.
      Class space:        1.00 GB reserved,     768.00 KB ( <1%) committed,  1 nodes.
             Both:        1.06 GB reserved,       5.88 MB ( <1%) committed. 

Chunk freelists:
   Non-Class:  9.06 MB
       Class:  15.27 MB
        Both:  24.33 MB

MaxMetaspaceSize: unlimited
CompressedClassSpaceSize: 1.00 GB
Initial GC threshold: 21.00 MB
Current GC threshold: 21.00 MB
CDS: on
 - commit_granule_bytes: 65536.
 - commit_granule_words: 8192.
 - virtual_space_node_default_size: 8388608.
 - enlarge_chunks_in_place: 1.
 - use_allocation_guard: 0.


Internal statistics:

num_allocs_failed_limit: 0.
num_arena_births: 54.
num_arena_deaths: 0.
num_vsnodes_births: 2.
num_vsnodes_deaths: 0.
num_space_committed: 94.
num_space_uncommitted: 0.
num_chunks_returned_to_freelist: 0.
num_chunks_taken_from_freelist: 219.
num_chunk_merges: 0.
num_chunk_splits: 141.
num_chunks_enlarged: 117.
num_inconsistent_stats: 0.

CodeHeap 'non-profiled nmethods': size=120000Kb used=331Kb max_used=331Kb free=119668Kb
 bounds [0x0000019c07ad0000, 0x0000019c07d40000, 0x0000019c0f000000]
CodeHeap 'profiled nmethods': size=120000Kb used=2189Kb max_used=2189Kb free=117811Kb
 bounds [0x0000019c00000000, 0x0000019c00270000, 0x0000019c07530000]
CodeHeap 'non-nmethods': size=5760Kb used=1352Kb max_used=1384Kb free=4407Kb
 bounds [0x0000019c07530000, 0x0000019c077a0000, 0x0000019c07ad0000]
 total_blobs=1565 nmethods=1106 adapters=364
 compilation: enabled
              stopped_count=0, restarted_count=0
 full_count=0

Compilation events (20 events):
Event: 0.540 Thread 0x0000019c7e33bd60 1097       3       java.lang.StringLatin1::trim (76 bytes)
Event: 0.540 Thread 0x0000019c7e33bd60 nmethod 1097 0x0000019c00216e90 code [0x0000019c00217060, 0x0000019c00217438]
Event: 0.540 Thread 0x0000019c7e33bd60 1098       3       org.codehaus.plexus.util.xml.pull.MXParser::ensureElementsCapacity (265 bytes)
Event: 0.541 Thread 0x0000019c7e33bd60 nmethod 1098 0x0000019c00217590 code [0x0000019c00217800, 0x0000019c00218878]
Event: 0.541 Thread 0x0000019c7e33bd60 1099       3       org.codehaus.plexus.util.xml.pull.MXParser::getName (84 bytes)
Event: 0.541 Thread 0x0000019c7e33bd60 nmethod 1099 0x0000019c00218b90 code [0x0000019c00218d60, 0x0000019c002190f0]
Event: 0.546 Thread 0x0000019c7e33bd60 1107       3       org.eclipse.sisu.plexus.PlexusXmlScanner::TEXT (10 bytes)
Event: 0.546 Thread 0x0000019c7e33bd60 nmethod 1107 0x0000019c00219210 code [0x0000019c00219400, 0x0000019c002197a0]
Event: 0.546 Thread 0x0000019c7e33bd60 1108       3       org.codehaus.plexus.util.xml.pull.MXParser::nextText (103 bytes)
Event: 0.546 Thread 0x0000019c7e33bd60 nmethod 1108 0x0000019c00219910 code [0x0000019c00219be0, 0x0000019c0021a778]
Event: 0.546 Thread 0x0000019c7e33bd60 1109   !   3       java.util.jar.JarFile$JarFileEntry::getCodeSigners (77 bytes)
Event: 0.547 Thread 0x0000019c7e33bd60 nmethod 1109 0x0000019c0021ac10 code [0x0000019c0021ae20, 0x0000019c0021b388]
Event: 0.547 Thread 0x0000019c7e33bd60 1110       3       java.lang.ClassLoader::defineClass (43 bytes)
Event: 0.547 Thread 0x0000019c7e33bd60 nmethod 1110 0x0000019c0021b590 code [0x0000019c0021b7a0, 0x0000019c0021bcb8]
Event: 0.548 Thread 0x0000019c7e33bd60 1111       1       sun.nio.fs.NativeBuffer::size (5 bytes)
Event: 0.548 Thread 0x0000019c7e33bd60 nmethod 1111 0x0000019c07b22890 code [0x0000019c07b22a20, 0x0000019c07b22ae8]
Event: 0.557 Thread 0x0000019c7e33bd60 1120       1       org.codehaus.plexus.util.xml.pull.MXParser::getDepth (5 bytes)
Event: 0.557 Thread 0x0000019c7e33bd60 nmethod 1120 0x0000019c07b22b90 code [0x0000019c07b22d20, 0x0000019c07b22de8]
Event: 0.557 Thread 0x0000019c7e33bd60 1121   !   2       sun.net.www.ParseUtil::decode (349 bytes)
Event: 0.559 Thread 0x0000019c7e33bd60 nmethod 1121 0x0000019c0021bf10 code [0x0000019c0021c300, 0x0000019c0021d518]

GC Heap History (0 events):
No events

Dll operation events (8 events):
Event: 0.006 Loaded shared library C:\Users\10124\Downloads\jdk-21.0.2\bin\java.dll
Event: 0.037 Loaded shared library C:\Users\10124\Downloads\jdk-21.0.2\bin\jsvml.dll
Event: 0.053 Loaded shared library C:\Users\10124\Downloads\jdk-21.0.2\bin\net.dll
Event: 0.054 Loaded shared library C:\Users\10124\Downloads\jdk-21.0.2\bin\nio.dll
Event: 0.057 Loaded shared library C:\Users\10124\Downloads\jdk-21.0.2\bin\zip.dll
Event: 0.155 Loaded shared library C:\Users\10124\Downloads\jdk-21.0.2\bin\jimage.dll
Event: 0.162 Loaded shared library C:\Program Files\NetBeans-21\netbeans\java\maven\lib\jansi-native\Windows\x86_64\jansi.dll
Event: 0.173 Loaded shared library C:\Users\10124\Downloads\jdk-21.0.2\bin\verify.dll

Deoptimization events (20 events):
Event: 0.517 Thread 0x0000019c707d1840 Uncommon trap: trap_request=0xffffffde fr.pc=0x0000019c07b025dc relative=0x000000000000069c
Event: 0.517 Thread 0x0000019c707d1840 Uncommon trap: reason=class_check action=maybe_recompile pc=0x0000019c07b025dc method=java.util.regex.Matcher.search(I)Z @ 121 c2
Event: 0.517 Thread 0x0000019c707d1840 DEOPT PACKING pc=0x0000019c07b025dc sp=0x00000055668fdd30
Event: 0.517 Thread 0x0000019c707d1840 DEOPT UNPACKING pc=0x0000019c075846a2 sp=0x00000055668fdd00 mode 2
Event: 0.517 Thread 0x0000019c707d1840 Uncommon trap: trap_request=0xffffff76 fr.pc=0x0000019c07afe58c relative=0x000000000000032c
Event: 0.517 Thread 0x0000019c707d1840 Uncommon trap: reason=predicate action=maybe_recompile pc=0x0000019c07afe58c method=java.util.regex.Pattern$BmpCharPropertyGreedy.match(Ljava/util/regex/Matcher;ILjava/lang/CharSequence;)Z @ 12 c2
Event: 0.517 Thread 0x0000019c707d1840 DEOPT PACKING pc=0x0000019c07afe58c sp=0x00000055668fdb00
Event: 0.517 Thread 0x0000019c707d1840 DEOPT UNPACKING pc=0x0000019c075846a2 sp=0x00000055668fdab8 mode 2
Event: 0.517 Thread 0x0000019c707d1840 Uncommon trap: trap_request=0xffffff45 fr.pc=0x0000019c07af56e0 relative=0x00000000000000c0
Event: 0.517 Thread 0x0000019c707d1840 Uncommon trap: reason=unstable_if action=reinterpret pc=0x0000019c07af56e0 method=org.codehaus.plexus.util.xml.pull.MXParser.more()C @ 8 c2
Event: 0.517 Thread 0x0000019c707d1840 DEOPT PACKING pc=0x0000019c07af56e0 sp=0x00000055668fdef0
Event: 0.517 Thread 0x0000019c707d1840 DEOPT UNPACKING pc=0x0000019c075846a2 sp=0x00000055668fde80 mode 2
Event: 0.523 Thread 0x0000019c707d1840 Uncommon trap: trap_request=0xffffffde fr.pc=0x0000019c07b025dc relative=0x000000000000069c
Event: 0.523 Thread 0x0000019c707d1840 Uncommon trap: reason=class_check action=maybe_recompile pc=0x0000019c07b025dc method=java.util.regex.Matcher.search(I)Z @ 121 c2
Event: 0.523 Thread 0x0000019c707d1840 DEOPT PACKING pc=0x0000019c07b025dc sp=0x00000055668fdd30
Event: 0.523 Thread 0x0000019c707d1840 DEOPT UNPACKING pc=0x0000019c075846a2 sp=0x00000055668fdd00 mode 2
Event: 0.548 Thread 0x0000019c707d1840 Uncommon trap: trap_request=0xffffffde fr.pc=0x0000019c07b025dc relative=0x000000000000069c
Event: 0.548 Thread 0x0000019c707d1840 Uncommon trap: reason=class_check action=maybe_recompile pc=0x0000019c07b025dc method=java.util.regex.Matcher.search(I)Z @ 121 c2
Event: 0.548 Thread 0x0000019c707d1840 DEOPT PACKING pc=0x0000019c07b025dc sp=0x00000055668fdd30
Event: 0.548 Thread 0x0000019c707d1840 DEOPT UNPACKING pc=0x0000019c075846a2 sp=0x00000055668fdd00 mode 2

Classes loaded (20 events):
Event: 0.493 Loading class java/util/concurrent/TimeoutException
Event: 0.493 Loading class java/util/concurrent/TimeoutException done
Event: 0.493 Loading class java/util/concurrent/CancellationException
Event: 0.493 Loading class java/util/concurrent/CancellationException done
Event: 0.493 Loading class java/security/PrivilegedActionException
Event: 0.493 Loading class java/security/PrivilegedActionException done
Event: 0.493 Loading class sun/misc/Unsafe
Event: 0.493 Loading class sun/misc/Unsafe done
Event: 0.494 Loading class java/lang/invoke/DirectMethodHandle$StaticAccessor
Event: 0.494 Loading class java/lang/invoke/DirectMethodHandle$StaticAccessor done
Event: 0.498 Loading class java/lang/reflect/ParameterizedType
Event: 0.498 Loading class java/lang/reflect/ParameterizedType done
Event: 0.501 Loading class java/lang/reflect/WildcardType
Event: 0.501 Loading class java/lang/reflect/WildcardType done
Event: 0.503 Loading class sun/reflect/generics/tree/TypeVariableSignature
Event: 0.503 Loading class sun/reflect/generics/tree/TypeVariableSignature done
Event: 0.513 Loading class java/lang/annotation/IncompleteAnnotationException
Event: 0.513 Loading class java/lang/annotation/IncompleteAnnotationException done
Event: 0.542 Loading class java/lang/foreign/MemorySegment
Event: 0.542 Loading class java/lang/foreign/MemorySegment done

Classes unloaded (0 events):
No events

Classes redefined (0 events):
No events

Internal exceptions (20 events):
Event: 0.166 Thread 0x0000019c707d1840 Exception <a 'java/lang/NullPointerException'{0x00000000906509b8}> (0x00000000906509b8) 
thrown [s\open\src\hotspot\share\interpreter\linkResolver.cpp, line 1372]
Event: 0.166 Thread 0x0000019c707d1840 Exception <a 'java/lang/NullPointerException'{0x0000000090650c98}> (0x0000000090650c98) 
thrown [s\open\src\hotspot\share\interpreter\linkResolver.cpp, line 1372]
Event: 0.166 Thread 0x0000019c707d1840 Exception <a 'java/lang/NullPointerException'{0x0000000090650f78}> (0x0000000090650f78) 
thrown [s\open\src\hotspot\share\interpreter\linkResolver.cpp, line 1372]
Event: 0.171 Thread 0x0000019c707d1840 Exception <a 'sun/nio/fs/WindowsException'{0x0000000090679dd0}> (0x0000000090679dd0) 
thrown [s\open\src\hotspot\share\prims\jni.cpp, line 520]
Event: 0.171 Thread 0x0000019c707d1840 Exception <a 'sun/nio/fs/WindowsException'{0x000000009067a500}> (0x000000009067a500) 
thrown [s\open\src\hotspot\share\prims\jni.cpp, line 520]
Event: 0.171 Thread 0x0000019c707d1840 Exception <a 'sun/nio/fs/WindowsException'{0x000000009067ab00}> (0x000000009067ab00) 
thrown [s\open\src\hotspot\share\prims\jni.cpp, line 520]
Event: 0.171 Thread 0x0000019c707d1840 Exception <a 'sun/nio/fs/WindowsException'{0x000000009067b078}> (0x000000009067b078) 
thrown [s\open\src\hotspot\share\prims\jni.cpp, line 520]
Event: 0.171 Thread 0x0000019c707d1840 Exception <a 'sun/nio/fs/WindowsException'{0x000000009067b5d0}> (0x000000009067b5d0) 
thrown [s\open\src\hotspot\share\prims\jni.cpp, line 520]
Event: 0.172 Thread 0x0000019c707d1840 Exception <a 'sun/nio/fs/WindowsException'{0x000000009067bad8}> (0x000000009067bad8) 
thrown [s\open\src\hotspot\share\prims\jni.cpp, line 520]
Event: 0.172 Thread 0x0000019c707d1840 Exception <a 'sun/nio/fs/WindowsException'{0x000000009067bf98}> (0x000000009067bf98) 
thrown [s\open\src\hotspot\share\prims\jni.cpp, line 520]
Event: 0.190 Thread 0x0000019c707d1840 Exception <a 'java/lang/NoSuchMethodError'{0x00000000906ee700}: 'void java.lang.invoke.DirectMethodHandle$Holder.invokeStatic(java.lang.Object, java.lang.Object, java.lang.Object)'> (0x00000000906ee700) 
thrown [s\open\src\hotspot\share\interpreter\linkResolver.cpp, line 773]
Event: 0.246 Thread 0x0000019c707d1840 Exception <a 'java/lang/NoSuchMethodError'{0x00000000904a01b0}: 'java.lang.Object java.lang.invoke.DirectMethodHandle$Holder.invokeSpecialIFC(java.lang.Object, java.lang.Object, java.lang.Object, java.lang.Object)'> (0x00000000904a01b0) 
thrown [s\open\src\hotspot\share\interpreter\linkResolver.cpp, line 773]
Event: 0.409 Thread 0x0000019c707d1840 Exception <a 'java/lang/NoSuchMethodError'{0x000000008fe05cb0}: 'void java.lang.invoke.DirectMethodHandle$Holder.invokeSpecial(java.lang.Object, java.lang.Object, java.lang.Object)'> (0x000000008fe05cb0) 
thrown [s\open\src\hotspot\share\interpreter\linkResolver.cpp, line 773]
Event: 0.437 Thread 0x0000019c707d1840 Exception <a 'java/lang/NoSuchMethodError'{0x000000008fd47160}: 'java.lang.Object java.lang.invoke.DirectMethodHandle$Holder.invokeInterface(java.lang.Object, java.lang.Object)'> (0x000000008fd47160) 
thrown [s\open\src\hotspot\share\interpreter\linkResolver.cpp, line 773]
Event: 0.448 Thread 0x0000019c707d1840 Exception <a 'java/lang/NoSuchMethodError'{0x000000008fdd8990}: 'int java.lang.invoke.DirectMethodHandle$Holder.invokeStatic(java.lang.Object, java.lang.Object, java.lang.Object, java.lang.Object)'> (0x000000008fdd8990) 
thrown [s\open\src\hotspot\share\interpreter\linkResolver.cpp, line 773]
Event: 0.448 Thread 0x0000019c707d1840 Exception <a 'java/lang/NoSuchMethodError'{0x000000008fddc010}: 'java.lang.Object java.lang.invoke.Invokers$Holder.invokeExact_MT(java.lang.Object, java.lang.Object, java.lang.Object, java.lang.Object, java.lang.Object, java.lang.Object)'> (0x000000008fddc010) 
thrown [s\open\src\hotspot\share\interpreter\linkResolver.cpp, line 773]
Event: 0.449 Thread 0x0000019c707d1840 Exception <a 'java/lang/NoSuchMethodError'{0x000000008fdea670}: 'int java.lang.invoke.DirectMethodHandle$Holder.invokeSpecialIFC(java.lang.Object, java.lang.Object, java.lang.Object, java.lang.Object, java.lang.Object)'> (0x000000008fdea670) 
thrown [s\open\src\hotspot\share\interpreter\linkResolver.cpp, line 773]
Event: 0.485 Thread 0x0000019c707d1840 Exception <a 'java/lang/NoSuchMethodError'{0x000000008fb612e0}: 'java.lang.Object java.lang.invoke.DirectMethodHandle$Holder.newInvokeSpecial(java.lang.Object, java.lang.Object, java.lang.Object, java.lang.Object, java.lang.Object)'> (0x000000008fb612e0) 
thrown [s\open\src\hotspot\share\interpreter\linkResolver.cpp, line 773]
Event: 0.507 Thread 0x0000019c707d1840 Exception <a 'java/lang/NoSuchMethodError'{0x000000008fa575d0}: 'int java.lang.invoke.DirectMethodHandle$Holder.invokeStaticInit(java.lang.Object, java.lang.Object)'> (0x000000008fa575d0) 
thrown [s\open\src\hotspot\share\interpreter\linkResolver.cpp, line 773]
Event: 0.513 Thread 0x0000019c707d1840 Exception <a 'java/lang/NoClassDefFoundError'{0x000000008fa8c088}: javax/enterprise/inject/Typed> (0x000000008fa8c088) 
thrown [s\open\src\hotspot\share\classfile\systemDictionary.cpp, line 301]

ZGC Phase Switch (0 events):
No events

VM Operations (8 events):
Event: 0.058 Executing VM operation: HandshakeAllThreads (Deoptimize)
Event: 0.058 Executing VM operation: HandshakeAllThreads (Deoptimize) done
Event: 0.151 Executing VM operation: HandshakeAllThreads (Deoptimize)
Event: 0.151 Executing VM operation: HandshakeAllThreads (Deoptimize) done
Event: 0.157 Executing VM operation: HandshakeAllThreads (Deoptimize)
Event: 0.157 Executing VM operation: HandshakeAllThreads (Deoptimize) done
Event: 0.523 Executing VM operation: ICBufferFull
Event: 0.523 Executing VM operation: ICBufferFull done

Events (13 events):
Event: 0.023 Thread 0x0000019c707d1840 Thread added: 0x0000019c707d1840
Event: 0.035 Thread 0x0000019c7e32a780 Thread added: 0x0000019c7e32a780
Event: 0.035 Thread 0x0000019c7e32af50 Thread added: 0x0000019c7e32af50
Event: 0.035 Thread 0x0000019c7e32df70 Thread added: 0x0000019c7e32df70
Event: 0.035 Thread 0x0000019c7e32e840 Thread added: 0x0000019c7e32e840
Event: 0.035 Thread 0x0000019c7e334410 Thread added: 0x0000019c7e334410
Event: 0.035 Thread 0x0000019c7e336df0 Thread added: 0x0000019c7e336df0
Event: 0.035 Thread 0x0000019c7e33b2a0 Thread added: 0x0000019c7e33b2a0
Event: 0.036 Thread 0x0000019c7e33bd60 Thread added: 0x0000019c7e33bd60
Event: 0.048 Thread 0x0000019c7e5e5ac0 Thread added: 0x0000019c7e5e5ac0
Event: 0.050 Thread 0x0000019c7e5f8c20 Thread added: 0x0000019c7e5f8c20
Event: 0.285 Thread 0x0000019c7ead5b80 Thread added: 0x0000019c7ead5b80
Event: 0.530 Thread 0x0000019c7ecb59a0 Thread added: 0x0000019c7ecb59a0


Dynamic libraries:
0x00007ff678640000 - 0x00007ff678650000 	C:\Users\10124\Downloads\jdk-21.0.2\bin\java.exe
0x00007ff96f370000 - 0x00007ff96f586000 	C:\WINDOWS\SYSTEM32\ntdll.dll
0x00007ff96dce0000 - 0x00007ff96dda4000 	C:\WINDOWS\System32\KERNEL32.DLL
0x00007ff96cbf0000 - 0x00007ff96cf96000 	C:\WINDOWS\System32\KERNELBASE.dll
0x00007ff96c780000 - 0x00007ff96c891000 	C:\WINDOWS\System32\ucrtbase.dll
0x00007ff964cf0000 - 0x00007ff964d0b000 	C:\Users\10124\Downloads\jdk-21.0.2\bin\VCRUNTIME140.dll
0x00007ff969640000 - 0x00007ff969659000 	C:\Users\10124\Downloads\jdk-21.0.2\bin\jli.dll
0x00007ff96e720000 - 0x00007ff96e7d2000 	C:\WINDOWS\System32\ADVAPI32.dll
0x00007ff96d5d0000 - 0x00007ff96d677000 	C:\WINDOWS\System32\msvcrt.dll
0x00007ff96d0c0000 - 0x00007ff96d168000 	C:\WINDOWS\System32\sechost.dll
0x00007ff96c720000 - 0x00007ff96c748000 	C:\WINDOWS\System32\bcrypt.dll
0x00007ff96d350000 - 0x00007ff96d465000 	C:\WINDOWS\System32\RPCRT4.dll
0x00007ff96ebe0000 - 0x00007ff96ed8d000 	C:\WINDOWS\System32\USER32.dll
0x00007ff96c750000 - 0x00007ff96c776000 	C:\WINDOWS\System32\win32u.dll
0x00007ff959780000 - 0x00007ff959a13000 	C:\WINDOWS\WinSxS\amd64_microsoft.windows.common-controls_6595b64144ccf1df_6.0.22621.3235_none_270f74e173860f98\COMCTL32.dll
0x00007ff96ddd0000 - 0x00007ff96ddf9000 	C:\WINDOWS\System32\GDI32.dll
0x00007ff96cfa0000 - 0x00007ff96d0b8000 	C:\WINDOWS\System32\gdi32full.dll
0x00007ff96ca10000 - 0x00007ff96caaa000 	C:\WINDOWS\System32\msvcp_win.dll
0x00007ff963120000 - 0x00007ff96312a000 	C:\WINDOWS\SYSTEM32\VERSION.dll
0x00007ff96d4f0000 - 0x00007ff96d521000 	C:\WINDOWS\System32\IMM32.DLL
0x00007ff965c10000 - 0x00007ff965c1c000 	C:\Users\10124\Downloads\jdk-21.0.2\bin\vcruntime140_1.dll
0x00007ff94efc0000 - 0x00007ff94f04e000 	C:\Users\10124\Downloads\jdk-21.0.2\bin\msvcp140.dll
0x00007ff8facf0000 - 0x00007ff8fba07000 	C:\Users\10124\Downloads\jdk-21.0.2\bin\server\jvm.dll
0x00007ff96f2b0000 - 0x00007ff96f321000 	C:\WINDOWS\System32\WS2_32.dll
0x00007ff96c3d0000 - 0x00007ff96c41d000 	C:\WINDOWS\SYSTEM32\POWRPROF.dll
0x00007ff964b00000 - 0x00007ff964b34000 	C:\WINDOWS\SYSTEM32\WINMM.dll
0x00007ff96c3b0000 - 0x00007ff96c3c3000 	C:\WINDOWS\SYSTEM32\UMPDC.dll
0x00007ff96b6f0000 - 0x00007ff96b708000 	C:\WINDOWS\SYSTEM32\kernel.appcore.dll
0x00007ff962220000 - 0x00007ff96222a000 	C:\Users\10124\Downloads\jdk-21.0.2\bin\jimage.dll
0x00007ff962c00000 - 0x00007ff962e33000 	C:\WINDOWS\SYSTEM32\DBGHELP.DLL
0x00007ff96ed90000 - 0x00007ff96f118000 	C:\WINDOWS\System32\combase.dll
0x00007ff96db00000 - 0x00007ff96dbd7000 	C:\WINDOWS\System32\OLEAUT32.dll
0x00007ff962bc0000 - 0x00007ff962bf2000 	C:\WINDOWS\SYSTEM32\dbgcore.DLL
0x00007ff96cab0000 - 0x00007ff96cb2a000 	C:\WINDOWS\System32\bcryptPrimitives.dll
0x00007ff964c40000 - 0x00007ff964c5f000 	C:\Users\10124\Downloads\jdk-21.0.2\bin\java.dll
0x00007ff96dec0000 - 0x00007ff96e71d000 	C:\WINDOWS\System32\SHELL32.dll
0x00007ff96a610000 - 0x00007ff96af08000 	C:\WINDOWS\SYSTEM32\windows.storage.dll
0x00007ff96a4d0000 - 0x00007ff96a60e000 	C:\WINDOWS\SYSTEM32\wintypes.dll
0x00007ff96e7e0000 - 0x00007ff96e8d3000 	C:\WINDOWS\System32\SHCORE.dll
0x00007ff96f1a0000 - 0x00007ff96f1fe000 	C:\WINDOWS\System32\shlwapi.dll
0x00007ff96c5e0000 - 0x00007ff96c606000 	C:\WINDOWS\SYSTEM32\profapi.dll
0x00007ff94f1e0000 - 0x00007ff94f2b7000 	C:\Users\10124\Downloads\jdk-21.0.2\bin\jsvml.dll
0x00007ff960610000 - 0x00007ff960620000 	C:\Users\10124\Downloads\jdk-21.0.2\bin\net.dll
0x00007ff9660f0000 - 0x00007ff966227000 	C:\WINDOWS\SYSTEM32\WINHTTP.dll
0x00007ff96bb70000 - 0x00007ff96bbd9000 	C:\WINDOWS\system32\mswsock.dll
0x00007ff9605f0000 - 0x00007ff960606000 	C:\Users\10124\Downloads\jdk-21.0.2\bin\nio.dll
0x00007ff9605d0000 - 0x00007ff9605e8000 	C:\Users\10124\Downloads\jdk-21.0.2\bin\zip.dll
0x0000000069ac0000 - 0x0000000069ae4000 	C:\Program Files\NetBeans-21\netbeans\java\maven\lib\jansi-native\Windows\x86_64\jansi.dll
0x00007ff9605c0000 - 0x00007ff9605d0000 	C:\Users\10124\Downloads\jdk-21.0.2\bin\verify.dll

dbghelp: loaded successfully - version: 4.0.5 - missing functions: none
symbol engine: initialized successfully - sym options: 0x614 - pdb path: .;C:\Users\10124\Downloads\jdk-21.0.2\bin;C:\WINDOWS\SYSTEM32;C:\WINDOWS\WinSxS\amd64_microsoft.windows.common-controls_6595b64144ccf1df_6.0.22621.3235_none_270f74e173860f98;C:\Users\10124\Downloads\jdk-21.0.2\bin\server;C:\Program Files\NetBeans-21\netbeans\java\maven\lib\jansi-native\Windows\x86_64

VM Arguments:
jvm_args: -Dclassworlds.conf=C:\Program Files\NetBeans-21\netbeans\java\maven\bin\m2.conf -Dmaven.home=C:\Program Files\NetBeans-21\netbeans\java\maven -Dlibrary.jansi.path=C:\Program Files\NetBeans-21\netbeans\java\maven\lib\jansi-native -Dmaven.multiModuleProjectDirectory=C:\Users\10124\OneDrive\Documents\GitHub\project-2-mhpl 
java_command: org.codehaus.plexus.classworlds.launcher.Launcher -Dexec.vmArgs= -Dexec.args=${exec.vmArgs} -classpath %classpath ${exec.mainClass} ${exec.appArgs} -Dexec.executable=C:\Users\10124\Downloads\jdk-21.0.2\bin\java.exe -Dexec.mainClass=Main -Dexec.classpathScope=runtime -Dexec.appArgs= -Dmaven.ext.class.path=C:\Program Files\NetBeans-21\netbeans\java\maven-nblib\netbeans-eventspy.jar --no-transfer-progress process-classes org.codehaus.mojo:exec-maven-plugin:3.1.0:exec
java_class_path (initial): C:\Program Files\NetBeans-21\netbeans\java\maven\boot\plexus-classworlds-2.7.0.jar
Launcher Type: SUN_STANDARD

[Global flags]
     intx CICompilerCount                          = 4                                         {product} {ergonomic}
     uint ConcGCThreads                            = 3                                         {product} {ergonomic}
     uint G1ConcRefinementThreads                  = 10                                        {product} {ergonomic}
   size_t G1HeapRegionSize                         = 1048576                                   {product} {ergonomic}
    uintx GCDrainStackTargetSize                   = 64                                        {product} {ergonomic}
   size_t InitialHeapSize                          = 125829120                                 {product} {ergonomic}
   size_t MarkStackSize                            = 4194304                                   {product} {ergonomic}
   size_t MaxHeapSize                              = 1992294400                                {product} {ergonomic}
   size_t MaxNewSize                               = 1195376640                                {product} {ergonomic}
   size_t MinHeapDeltaBytes                        = 1048576                                   {product} {ergonomic}
   size_t MinHeapSize                              = 8388608                                   {product} {ergonomic}
    uintx NonNMethodCodeHeapSize                   = 5839372                                {pd product} {ergonomic}
    uintx NonProfiledCodeHeapSize                  = 122909434                              {pd product} {ergonomic}
    uintx ProfiledCodeHeapSize                     = 122909434                              {pd product} {ergonomic}
    uintx ReservedCodeCacheSize                    = 251658240                              {pd product} {ergonomic}
     bool SegmentedCodeCache                       = true                                      {product} {ergonomic}
   size_t SoftMaxHeapSize                          = 1992294400                             {manageable} {ergonomic}
     bool UseCompressedOops                        = true                           {product lp64_product} {ergonomic}
     bool UseG1GC                                  = true                                      {product} {ergonomic}
     bool UseLargePagesIndividualAllocation        = false                                  {pd product} {ergonomic}

Logging:
Log output configuration:
 #0: stdout all=warning uptime,level,tags foldmultilines=false
 #1: stderr all=off uptime,level,tags foldmultilines=false

Environment Variables:
JAVA_HOME=C:\Users\10124\Downloads\jdk-21.0.2
PATH=C:\Program Files\Python311\Scripts\;C:\Program Files\Python311\;C:\Program Files\Microsoft MPI\Bin\;C:\Program Files (x86)\VMware\VMware Workstation\bin\;C:\Program Files\Common Files\Oracle\Java\javapath;C:\Windows\system32;C:\Windows;C:\Windows\System32\Wbem;C:\Windows\System32\WindowsPowerShell\v1.0\;C:\Windows\System32\OpenSSH\;C:\Program Files (x86)\NVIDIA Corporation\PhysX\Common;C:\Program Files\Java\jdk-19\bin;C:\mingw32\bin;C:\Program Files\Azure Data Studio\bin;C:\Program Files\Microsoft SQL Server\Client SDK\ODBC\170\Tools\Binn\;C:\Program Files\Git\cmd;C:\WINDOWS\system32;C:\WINDOWS;C:\WINDOWS\System32\Wbem;C:\WINDOWS\System32\WindowsPowerShell\v1.0\;C:\WINDOWS\System32\OpenSSH\;C:\xampp\php;C:\Program Files\dotnet\;C:\ProgramData\chocolatey\bin;C:\Program Files (x86)\Microsoft SQL Server\160\Tools\Binn\;C:\Program Files\Microsoft SQL Server\160\Tools\Binn\;C:\Program Files\Microsoft SQL Server\160\DTS\Binn\;C:\Program Files (x86)\Microsoft SQL Server\150\DTS\Binn\;C:\Users\10124\AppData\Local\Microsoft\WindowsApps;C:\Program Files\JetBrains\IntelliJ IDEA Community Edition 2022.2.3\bin;;C:\Users\10124\AppData\Local\Programs\Microsoft VS Code\bin;C:\Program Files\Azure Data Studio\bin;C:\MinGW\bin;C:\Users\10124\AppData\Local\GitHubDesktop\bin;C:\xampp\php;C:\Users\10124\.dotnet\tools;C:\Program Files\Python311\Scripts;
USERNAME=Thanh Tran
OS=Windows_NT
PROCESSOR_IDENTIFIER=AMD64 Family 23 Model 96 Stepping 1, AuthenticAMD
TMP=C:\Users\10124\AppData\Local\Temp
TEMP=C:\Users\10124\AppData\Local\Temp




Periodic native trim disabled

---------------  S Y S T E M  ---------------

OS:
 Windows 11 , 64 bit Build 22621 (10.0.22621.3235)
OS uptime: 0 days 6:27 hours

CPU: total 12 (initial active 12) (12 cores per cpu, 2 threads per core) family 23 model 96 stepping 1 microcode 0x0, cx8, cmov, fxsr, ht, mmx, 3dnowpref, sse, sse2, sse3, ssse3, sse4a, sse4.1, sse4.2, popcnt, lzcnt, tsc, tscinvbit, avx, avx2, aes, clmul, bmi1, bmi2, adx, sha, fma, vzeroupper, clflush, clflushopt, rdtscp, rdpid, f16c
Processor Information for all 12 processors :
  Max Mhz: 3001, Current Mhz: 3001, Mhz Limit: 3001

Memory: 4k page, system-wide physical 7597M (605M free)
TotalPageFile size 31149M (AvailPageFile size 5M)
current process WorkingSet (physical memory assigned to process): 93M, peak: 93M
current process commit charge ("private bytes"): 234M, peak: 235M

vm_info: Java HotSpot(TM) 64-Bit Server VM (21.0.2+13-LTS-58) for windows-amd64 JRE (21.0.2+13-LTS-58), built on 2024-01-05T18:32:24Z by "mach5one" with MS VC++ 17.1 (VS2022)

END.
